2021-07-29 11:32:02am: Initialize (code to PLC) : Started
2021-07-29 11:32:02am: Initialize (PLC to Code) : Started
2021-07-29 11:32:02am: Command And Valve Status :1,2,2,2,2,2,2,2,2,2,0,2,2,2,2,2,2,2,2,2,2
2021-07-29 11:32:07am: Start (PLC TO DB) : Started
2021-07-29 11:32:07am: Sensor data :50000,800,700,400,35,140,34,1.6,8,1.8,2.2,1,1.7,160,1.2
2021-07-29 11:32:08am: Command And Valve Status :2,1,2,2,2,2,2,2,2,2,0,2,2,2,2,2,2,2,2,2,2
2021-07-29 11:32:12am: Sensor data :50000,700,650,300,31,120,32,1.2,7,1.5,1,0.9,1.6,150,1.1
2021-07-29 11:32:13am: Command And Valve Status :2,1,2,2,2,2,2,2,2,2,0,2,2,2,2,2,2,2,2,2,1
2021-07-29 11:32:17am: Sensor data :50000,700,650,300,31,120,32,1.7,9,1.9,3,1.1,1.8,170,1.3
2021-07-29 11:32:18am: Command And Valve Status :2,1,2,2,2,2,2,2,2,2,0,2,2,2,2,2,2,2,2,1,1
2021-07-29 11:32:22am: Sensor data :32000,900,800,500,38,160,26,1.6,8,1.8,2.2,1,1.7,160,1.2
2021-07-29 11:32:24am: Command And Valve Status :2,1,2,2,2,2,2,2,2,2,0,2,2,2,2,2,1,2,2,1,1
2021-07-29 11:32:27am: Sensor data :50000,900,800,500,38,160,26,1.7,9,1.9,3,1.1,1.8,170,1.3
2021-07-29 11:32:29am: Command And Valve Status :2,1,2,1,1,2,2,2,2,2,0,2,2,1,2,2,1,2,1,1,1
2021-07-29 11:32:33am: Sensor data :32000,800,700,400,35,140,34,1.6,8,1.8,2.2,1,1.7,160,1.2
2021-07-29 11:32:34am: Command And Valve Status :2,1,2,1,1,2,2,2,2,2,0,2,2,1,2,2,1,2,1,1,1
2021-07-29 11:32:38am: Sensor data :200000,700,650,300,31,120,32,1.2,7,1.5,1,0.9,1.6,150,1.1
2021-07-29 11:32:40am: Command And Valve Status :2,1,2,1,1,2,2,2,2,2,0,2,2,1,2,2,1,2,1,1,1
2021-07-29 11:32:43am: Sensor data :50000,700,650,300,31,120,32,1.7,9,1.9,3,1.1,1.8,170,1.3
2021-07-29 11:32:45am: Command And Valve Status :2,1,2,1,1,2,2,2,2,2,0,2,2,1,2,2,1,2,1,1,1
2021-07-29 11:32:48am: Sensor data :50000,700,650,300,31,120,32,1.2,7,1.5,1,0.9,1.6,150,1.1
2021-07-29 11:32:50am: Command And Valve Status :2,1,2,1,1,2,2,2,2,2,0,2,2,1,2,2,1,2,1,1,1
2021-07-29 11:32:53am: Sensor data :32000,800,700,400,35,140,34,1.2,7,1.5,1,0.9,1.6,150,1.1
2021-07-29 11:32:56am: Command And Valve Status :2,1,2,1,1,2,2,2,2,2,0,2,2,1,2,2,1,2,1,1,1
2021-07-29 11:32:58am: Sensor data :50000,700,650,300,31,120,32,1.2,7,1.5,1,0.9,1.6,150,1.1
2021-07-29 11:33:01am: Command And Valve Status :2,1,2,1,1,2,2,2,2,2,0,2,2,1,2,2,1,2,1,1,1
2021-07-29 11:33:04am: Sensor data :32000,900,800,500,38,160,26,1.6,8,1.8,2.2,1,1.7,160,1.2
2021-07-29 11:33:06am: Command And Valve Status :2,1,2,1,1,2,2,2,2,2,0,2,2,1,2,2,1,2,1,1,1
2021-07-29 11:33:09am: Sensor data :50000,700,650,300,31,120,32,1.7,9,1.9,3,1.1,1.8,170,1.3
2021-07-29 11:33:12am: Command And Valve Status :2,1,2,1,1,2,2,2,2,2,0,2,2,1,2,2,1,2,1,1,1
2021-07-29 11:33:14am: Sensor data :200000,900,800,500,38,160,26,1.2,7,1.5,1,0.9,1.6,150,1.1
2021-07-29 11:33:17am: Command And Valve Status :2,1,2,1,1,2,2,2,2,2,0,2,2,1,2,2,1,2,1,1,1
2021-07-29 11:33:19am: Sensor data :50000,800,700,400,35,140,34,1.6,8,1.8,2.2,1,1.7,160,1.2
2021-07-29 11:33:22am: Command And Valve Status :2,1,2,1,1,2,2,2,2,2,0,2,2,1,2,2,1,2,1,1,1
2021-07-29 11:33:24am: Sensor data :50000,700,650,300,31,120,32,1.6,8,1.8,2.2,1,1.7,160,1.2
2021-07-29 11:33:28am: Command And Valve Status :2,1,2,1,1,1,2,2,2,2,0,2,2,1,2,2,1,2,1,1,1
2021-07-29 11:33:29am: Sensor data :32000,700,650,300,31,120,32,1.2,7,1.5,1,0.9,1.6,150,1.1
2021-07-29 11:33:33am: Command And Valve Status :2,1,2,1,1,1,1,2,2,2,0,2,2,1,1,1,1,2,1,1,1
2021-07-29 11:33:34am: Sensor data :32000,700,650,300,31,120,32,1.2,7,1.5,1,0.9,1.6,150,1.1
2021-07-29 11:33:38am: Command And Valve Status :2,1,2,1,1,1,1,1,2,2,0,2,2,1,1,1,1,2,1,1,1
2021-07-29 11:33:40am: Sensor data :200000,800,700,400,35,140,34,1.6,8,1.8,2.2,1,1.7,160,1.2
2021-07-29 11:33:44am: Command And Valve Status :2,1,2,1,1,1,1,1,2,1,0,2,2,1,1,1,1,2,1,1,1
2021-07-29 11:33:45am: Sensor data :200000,800,700,400,35,140,34,1.2,7,1.5,1,0.9,1.6,150,1.1
2021-07-29 11:33:49am: Command And Valve Status :2,1,2,1,1,1,1,1,1,1,0,2,2,1,1,1,1,1,1,1,1
2021-07-29 11:33:50am: Sensor data :32000,900,800,500,38,160,26,1.7,9,1.9,3,1.1,1.8,170,1.3
2021-07-29 11:33:54am: Command And Valve Status :2,1,2,1,1,1,1,1,1,1,0,2,2,1,1,1,1,1,1,1,1
2021-07-29 11:33:55am: Sensor data :50000,700,650,300,31,120,32,1.2,7,1.5,1,0.9,1.6,150,1.1
2021-07-29 11:34:00am: Command And Valve Status :2,1,2,1,1,1,1,1,1,1,0,2,2,1,1,1,1,1,1,1,1
2021-07-29 11:34:00am: Sensor data :50000,700,650,300,31,120,32,1.2,7,1.5,1,0.9,1.6,150,1.1
2021-07-29 11:34:05am: Command And Valve Status :2,1,2,1,1,1,1,1,1,1,0,2,2,1,1,1,1,1,1,1,1
2021-07-29 11:34:05am: Sensor data :32000,900,800,500,38,160,26,1.2,7,1.5,1,0.9,1.6,150,1.1
2021-07-29 11:34:10am: Command And Valve Status :2,1,2,1,1,1,1,1,1,1,0,2,2,1,1,1,1,1,1,1,1
2021-07-29 11:34:10am: Sensor data :32000,900,800,500,38,160,26,1.2,7,1.5,1,0.9,1.6,150,1.1
2021-07-29 11:34:16am: Command And Valve Status :2,1,2,1,1,1,1,1,1,1,0,2,2,1,1,1,1,1,1,1,1
2021-07-29 11:34:16am: Sensor data :32000,800,700,400,35,140,34,1.2,7,1.5,1,0.9,1.6,150,1.1
2021-07-29 11:34:21am: Sensor data :32000,700,650,300,31,120,32,1.2,7,1.5,1,0.9,1.6,150,1.1
2021-07-29 11:34:21am: Command And Valve Status :2,1,2,1,1,1,1,1,1,1,0,2,2,1,1,1,1,1,1,1,1
2021-07-29 11:34:26am: Sensor data :32000,700,650,300,31,120,32,1.7,9,1.9,3,1.1,1.8,170,1.3
2021-07-29 11:34:26am: Command And Valve Status :2,1,2,1,1,1,1,1,1,1,0,2,2,1,1,1,1,1,1,1,1
2021-07-29 11:34:31am: Sensor data :200000,900,800,500,38,160,26,1.6,8,1.8,2.2,1,1.7,160,1.2
2021-07-29 11:34:31am: Command And Valve Status :2,1,2,1,1,1,1,1,1,1,0,2,2,1,1,1,1,1,1,1,1
2021-07-29 11:34:36am: Sensor data :200000,800,700,400,35,140,34,1.7,9,1.9,3,1.1,1.8,170,1.3
2021-07-29 11:34:37am: Command And Valve Status :2,1,2,1,1,1,1,1,1,1,0,2,2,1,1,1,1,1,1,1,1
2021-07-29 11:34:42am: Sensor data :50000,800,700,400,35,140,34,1.7,9,1.9,3,1.1,1.8,170,1.3
2021-07-29 11:34:42am: Command And Valve Status :2,1,2,1,1,1,1,1,1,1,0,2,2,1,1,1,1,1,1,1,1
2021-07-29 11:34:47am: Sensor data :50000,800,700,400,35,140,34,1.7,9,1.9,3,1.1,1.8,170,1.3
2021-07-29 11:34:47am: Command And Valve Status :2,1,2,1,1,1,1,1,1,1,0,2,2,1,1,1,1,1,1,1,1
2021-07-29 11:34:52am: Sensor data :200000,800,700,400,35,140,34,1.7,9,1.9,3,1.1,1.8,170,1.3
2021-07-29 11:34:53am: Command And Valve Status :2,1,2,1,1,1,1,1,1,1,0,2,2,1,1,1,1,1,1,1,1
2021-07-29 11:34:57am: Sensor data :32000,700,650,300,31,120,32,1.2,7,1.5,1,0.9,1.6,150,1.1
2021-07-29 11:34:58am: Command And Valve Status :2,1,2,1,1,1,1,1,1,1,0,2,2,1,1,1,1,1,1,1,1
2021-07-29 11:35:02am: Sensor data :32000,900,800,500,38,160,26,1.6,8,1.8,2.2,1,1.7,160,1.2
2021-07-29 11:35:03am: Command And Valve Status :2,1,2,1,1,1,1,1,1,1,0,2,2,1,1,1,1,1,1,1,1
2021-07-29 11:35:07am: Sensor data :200000,900,800,500,38,160,26,1.7,9,1.9,3,1.1,1.8,170,1.3
2021-07-29 11:35:09am: Command And Valve Status :2,1,2,1,1,1,1,1,1,1,0,2,2,1,1,1,1,1,1,1,1
2021-07-29 11:35:12am: Sensor data :50000,900,800,500,38,160,26,1.2,7,1.5,1,0.9,1.6,150,1.1
2021-07-29 11:35:14am: Command And Valve Status :2,1,2,1,1,1,1,1,1,1,0,2,2,1,1,1,1,1,1,1,1
2021-07-29 11:35:18am: Sensor data :50000,900,800,500,38,160,26,1.7,9,1.9,3,1.1,1.8,170,1.3
2021-07-29 11:35:19am: Command And Valve Status :2,1,2,1,1,1,1,1,1,1,0,2,2,1,1,1,1,1,1,1,1
2021-07-29 11:35:23am: Sensor data :32000,800,700,400,35,140,34,1.7,9,1.9,3,1.1,1.8,170,1.3
2021-07-29 11:35:25am: Command And Valve Status :2,1,2,1,1,1,1,1,1,1,0,2,2,1,1,1,1,1,1,1,1
2021-07-29 11:35:28am: Sensor data :200000,900,800,500,38,160,26,1.7,9,1.9,3,1.1,1.8,170,1.3
2021-07-29 11:35:30am: Command And Valve Status :2,1,2,1,1,1,1,1,1,1,0,2,2,1,1,1,1,1,1,1,1
2021-07-29 11:35:33am: Sensor data :200000,800,700,400,35,140,34,1.7,9,1.9,3,1.1,1.8,170,1.3
2021-07-29 11:35:35am: Command And Valve Status :2,1,2,1,1,1,1,1,1,1,0,2,2,1,1,1,1,1,1,1,1
2021-07-29 11:35:38am: Sensor data :200000,800,700,400,35,140,34,1.6,8,1.8,2.2,1,1.7,160,1.2
2021-07-29 11:35:40am: Command And Valve Status :2,1,2,1,1,1,1,1,1,1,0,2,2,1,1,1,1,1,1,1,1
2021-07-29 11:35:43am: Sensor data :200000,800,700,400,35,140,34,1.6,8,1.8,2.2,1,1.7,160,1.2
2021-07-29 11:35:46am: Command And Valve Status :2,1,2,1,1,1,1,1,1,1,0,2,2,1,1,1,1,1,1,1,1
2021-07-29 11:35:49am: Sensor data :200000,800,700,400,35,140,34,1.2,7,1.5,1,0.9,1.6,150,1.1
2021-07-29 11:35:51am: Command And Valve Status :2,1,2,1,1,1,1,1,1,1,0,2,2,1,1,1,1,1,1,1,1
2021-07-29 11:35:54am: Sensor data :32000,700,700,400,35,140,34,1.6,9,1.9,3,1.1,1.8,170,1.3
2021-07-29 11:35:56am: Command And Valve Status :2,1,2,1,1,1,1,1,1,1,0,2,2,1,1,1,1,1,1,1,1
2021-07-29 11:35:59am: Sensor data :200000,900,800,500,38,160,26,1.6,8,1.8,2.2,1,1.7,160,1.2
2021-07-29 11:36:02am: Command And Valve Status :2,1,2,1,1,1,1,1,1,1,0,2,2,1,1,1,1,1,1,1,1
2021-07-29 11:36:04am: Sensor data :50000,700,650,300,31,120,32,1.2,7,1.5,1,0.9,1.6,150,1.1
2021-07-29 11:36:07am: Command And Valve Status :2,1,2,1,1,1,1,1,1,1,0,2,2,1,1,1,1,1,1,1,1
2021-07-29 11:36:09am: Sensor data :200000,800,700,400,35,140,34,1.6,8,1.8,2.2,1,1.7,160,1.2
2021-07-29 11:36:12am: Command And Valve Status :2,1,2,1,1,1,1,1,1,1,0,2,2,1,1,1,1,1,1,1,1
2021-07-29 11:36:14am: Sensor data :200000,700,650,300,31,120,32,1.6,8,1.8,2.2,1,1.7,160,1.2
2021-07-29 11:36:18am: Command And Valve Status :2,1,2,1,1,1,1,1,1,1,0,2,2,1,1,1,1,1,1,1,1
2021-07-29 11:36:20am: Sensor data :200000,900,800,500,38,160,26,1.6,8,1.8,2.2,1,1.7,160,1.2
2021-07-29 12:04:28pm: Initialize (Code to PLC) : Started
2021-07-29 12:04:28pm: Initialize (PLC to Code) : Started
2021-07-29 12:04:29pm: Command And Valve Status :1,2,2,2,2,2,2,2,2,2,0,2,2,2,2,2,2,2,2,2,2
2021-07-29 12:04:34pm: Command And Valve Status :1,2,2,2,2,2,2,2,2,2,0,2,2,2,2,2,2,2,2,2,2
2021-07-29 12:04:39pm: Command And Valve Status :1,2,2,2,2,2,2,2,2,2,0,2,2,2,2,2,2,2,2,2,2
2021-07-29 12:04:44pm: Command And Valve Status :1,2,2,2,2,2,2,2,2,2,0,2,2,2,2,2,2,2,2,2,2
2021-07-29 12:04:50pm: Command And Valve Status :1,2,2,2,2,2,2,2,2,2,0,2,2,2,2,2,2,2,2,2,2
2021-07-29 12:04:55pm: Command And Valve Status :1,2,2,2,2,2,2,2,2,2,0,2,2,2,2,2,2,2,2,2,2
2021-07-29 12:05:00pm: Command And Valve Status :1,2,2,2,2,2,2,2,2,2,0,2,2,2,2,2,2,2,2,2,2
2021-07-29 12:05:06pm: Command And Valve Status :1,2,2,2,2,2,2,2,2,2,0,2,2,2,2,2,2,2,2,2,2
2021-07-29 12:05:11pm: Command And Valve Status :1,2,2,2,2,2,2,2,2,2,0,2,2,2,2,2,2,2,2,2,2
2021-07-29 12:05:16pm: Command And Valve Status :1,2,2,2,2,2,2,2,2,2,0,2,2,2,2,2,2,2,2,2,2
2021-07-29 12:05:22pm: Command And Valve Status :1,2,2,2,2,2,2,2,2,2,0,2,2,2,2,2,2,2,2,2,2
2021-07-29 12:05:27pm: Command And Valve Status :1,2,2,2,2,2,2,2,2,2,0,2,2,2,2,2,2,2,2,2,2
2021-07-29 12:05:32pm: Command And Valve Status :1,2,2,2,2,2,2,2,2,2,0,2,2,2,2,2,2,2,2,2,2
2021-07-29 12:07:14pm: Initialize (Code to PLC) : Started
2021-07-29 12:07:14pm: Initialize (PLC to Code) : Started
2021-07-29 12:07:14pm: Command And Valve Status :1,2,2,2,2,2,2,2,2,2,0,2,2,2,2,2,2,2,2,2,2
2021-07-29 12:07:18pm: Start (PLC TO DB) : Started
2021-07-29 12:07:18pm: Sensor data :200000,700,650,300,31,120,32,1.2,7,1.5,1,0.9,1.6,150,1.1
2021-07-29 12:07:20pm: Command And Valve Status :2,1,2,2,2,2,2,2,2,2,0,2,2,2,2,2,2,2,2,2,2
2021-07-29 12:07:23pm: Sensor data :200000,700,650,300,31,120,32,1.7,9,1.9,3,1.1,1.8,170,1.3
2021-07-29 12:07:25pm: Command And Valve Status :2,1,2,2,2,2,2,2,2,2,0,2,2,2,2,2,2,2,2,2,1
2021-07-29 12:07:28pm: Sensor data :32000,900,800,500,38,160,26,1.7,9,1.9,3,1.1,1.8,170,1.3
2021-07-29 12:07:54pm: Initialize (Code to PLC) : Started
2021-07-29 12:07:55pm: Initialize (PLC to Code) : Started
2021-07-29 12:07:55pm: Command And Valve Status :1,2,2,2,2,2,2,2,2,2,0,2,2,2,2,2,2,2,2,2,2
2021-07-29 12:07:58pm: Start (PLC TO DB) : Started
2021-07-29 12:07:58pm: Sensor data :50000,700,650,300,31,120,32,1.6,8,1.8,2.2,1,1.7,160,1.2
2021-07-29 12:08:00pm: Command And Valve Status :2,1,2,2,2,2,2,2,2,2,0,2,2,2,2,2,2,2,2,2,2
2021-07-29 12:08:03pm: Sensor data :32000,900,800,500,38,160,26,1.6,8,1.8,2.2,1,1.7,160,1.2
2021-07-29 12:10:22pm: Initialize (Code to PLC) : Started
2021-07-29 12:10:22pm: Initialize (PLC to Code) : Started
2021-07-29 12:10:22pm: Command And Valve Status :1,2,2,2,2,2,2,2,2,2,0,2,2,2,2,2,2,2,2,2,2
2021-07-29 12:10:26pm: Start (PLC TO DB) : Started
2021-07-29 12:10:26pm: Sensor data :200000,800,700,400,35,140,34,1.6,8,1.8,2.2,1,1.7,160,1.2
2021-07-29 12:10:28pm: Command And Valve Status :2,1,2,2,2,2,2,2,2,2,0,2,2,2,2,2,2,2,2,2,2
2021-07-29 12:10:31pm: Sensor data :32000,900,800,500,38,160,26,1.6,8,1.8,2.2,1,1.7,160,1.2
2021-07-29 12:10:33pm: Command And Valve Status :2,1,2,2,2,2,2,2,2,2,0,2,2,2,2,2,2,2,2,2,1
2021-07-29 12:10:36pm: Sensor data :200000,900,800,500,38,160,26,1.7,9,1.9,3,1.1,1.8,170,1.3
2021-07-29 12:10:38pm: Command And Valve Status :2,1,2,2,2,2,2,2,2,2,0,2,2,2,2,2,2,2,2,1,1
2021-07-29 12:10:41pm: Sensor data :32000,700,650,300,31,120,32,1.2,7,1.5,1,0.9,1.6,150,1.1
2021-07-29 12:10:44pm: Command And Valve Status :2,1,2,2,2,2,2,2,2,2,0,2,2,2,2,2,1,2,2,1,1
2021-07-29 12:10:47pm: Sensor data :32000,700,650,300,31,120,32,1.6,8,1.8,2.2,1,1.7,160,1.2
2021-07-29 12:10:49pm: Command And Valve Status :2,1,2,1,1,2,2,2,2,2,0,2,2,1,2,2,1,2,1,1,1
2021-07-29 12:10:52pm: Sensor data :32000,800,700,400,35,140,34,1.7,9,1.9,3,1.1,1.8,170,1.3
2021-07-29 12:10:54pm: Command And Valve Status :2,1,2,1,1,2,2,2,2,2,0,2,2,1,2,2,1,2,1,1,1
2021-07-29 12:10:57pm: Sensor data :32000,700,650,300,31,120,32,1.7,9,1.9,3,1.1,1.8,170,1.3
2021-07-29 12:11:00pm: Command And Valve Status :2,1,2,1,1,2,2,2,2,2,0,2,2,1,2,2,1,2,1,1,1
2021-07-29 12:11:02pm: Sensor data :50000,900,800,500,38,160,26,1.2,7,1.5,1,0.9,1.6,150,1.1
2021-07-29 12:11:05pm: Command And Valve Status :2,1,2,1,1,2,2,2,2,2,0,2,2,1,2,2,1,2,1,1,1
2021-07-29 12:11:07pm: Sensor data :32000,700,650,300,31,120,32,1.7,9,1.9,3,1.1,1.8,170,1.3
2021-07-29 12:11:10pm: Command And Valve Status :2,1,2,1,1,2,2,2,2,2,0,2,2,1,2,2,1,2,1,1,1
2021-07-29 12:11:12pm: Sensor data :200000,900,800,500,38,160,26,1.2,7,1.5,1,0.9,1.6,150,1.1
2021-07-29 12:11:16pm: Command And Valve Status :2,1,2,1,1,2,2,2,2,2,0,2,2,1,2,2,1,2,1,1,1
2021-07-29 12:11:17pm: Sensor data :32000,900,800,500,38,160,26,1.2,7,1.5,1,0.9,1.6,150,1.1
2021-07-29 12:11:21pm: Command And Valve Status :2,1,2,1,1,2,2,2,2,2,0,2,2,1,2,2,1,2,1,1,1
2021-07-29 12:11:23pm: Sensor data :32000,700,650,300,31,120,32,1.7,9,1.9,3,1.1,1.8,170,1.3
2021-07-29 12:11:26pm: Command And Valve Status :2,1,2,1,1,2,2,2,2,2,0,2,2,1,2,2,1,2,1,1,1
2021-07-29 12:11:28pm: Sensor data :32000,800,700,400,35,140,34,1.2,7,1.5,1,0.9,1.6,150,1.1
2021-07-29 12:11:32pm: Command And Valve Status :2,1,2,1,1,2,2,2,2,2,0,2,2,1,2,2,1,2,1,1,1
2021-07-29 12:11:33pm: Sensor data :200000,800,700,400,35,140,34,1.6,8,1.8,2.2,1,1.7,160,1.2
2021-07-29 12:11:37pm: Command And Valve Status :2,1,2,1,1,2,2,2,2,2,0,2,2,1,2,2,1,2,1,1,1
2021-07-29 12:11:38pm: Sensor data :32000,800,700,400,35,140,34,1.6,8,1.8,2.2,1,1.7,160,1.2
2021-07-29 12:11:42pm: Command And Valve Status :2,1,2,1,1,2,2,2,2,2,0,2,2,1,2,2,1,2,1,1,1
2021-07-29 12:11:43pm: Sensor data :50000,900,800,500,38,160,26,1.7,9,1.9,3,1.1,1.8,170,1.3
2021-07-29 12:11:48pm: Command And Valve Status :2,1,2,1,1,1,2,2,2,2,0,2,2,1,2,2,1,2,1,1,1
2021-07-29 12:11:49pm: Sensor data :50000,700,700,400,35,140,34,1.6,9,1.9,3,1.1,1.8,170,1.3
2021-07-29 12:11:53pm: Command And Valve Status :2,1,2,1,1,1,1,2,2,2,0,2,2,1,1,1,1,2,1,1,1
2021-07-29 12:11:54pm: Sensor data :50000,800,700,400,35,140,34,1.7,9,1.9,3,1.1,1.8,170,1.3
2021-07-29 12:11:58pm: Command And Valve Status :2,1,2,1,1,1,1,1,2,2,0,2,2,1,1,1,1,2,1,1,1
2021-07-29 12:11:59pm: Sensor data :32000,900,800,500,38,160,26,1.6,8,1.8,2.2,1,1.7,160,1.2
2021-07-29 12:12:04pm: Command And Valve Status :2,1,2,1,1,1,1,1,2,1,0,2,2,1,1,1,1,2,1,1,1
2021-07-29 12:12:04pm: Sensor data :50000,800,700,400,35,140,34,1.6,8,1.8,2.2,1,1.7,160,1.2
2021-07-29 12:12:09pm: Sensor data :32000,700,650,300,31,120,32,1.2,7,1.5,1,0.9,1.6,150,1.1
2021-07-29 12:12:09pm: Command And Valve Status :2,1,2,1,1,1,1,1,1,1,0,2,2,1,1,1,1,1,1,1,1
2021-07-29 12:12:14pm: Sensor data :32000,900,800,500,38,160,26,1.7,9,1.9,3,1.1,1.8,170,1.3
2021-07-29 12:12:14pm: Command And Valve Status :2,1,2,1,1,1,1,1,1,1,0,2,2,1,1,1,1,1,1,1,1
2021-07-29 12:12:19pm: Sensor data :50000,900,800,500,38,160,26,1.2,7,1.5,1,0.9,1.6,150,1.1
2021-07-29 12:12:20pm: Command And Valve Status :2,1,2,1,1,1,1,1,1,1,0,2,2,1,1,1,1,1,1,1,1
2021-07-29 12:12:24pm: Sensor data :200000,900,800,500,38,160,26,1.7,9,1.9,3,1.1,1.8,170,1.3
2021-07-29 12:12:25pm: Command And Valve Status :2,1,2,1,1,1,1,1,1,1,0,2,2,1,1,1,1,1,1,1,1
2021-07-29 12:12:29pm: Sensor data :200000,900,800,500,38,160,26,1.6,8,1.8,2.2,1,1.7,160,1.2
2021-07-29 12:12:30pm: Command And Valve Status :2,1,2,1,1,1,1,1,1,1,0,2,2,1,1,1,1,1,1,1,1
2021-07-29 12:12:32pm: Reset : Started
2021-07-29 12:12:35pm: Sensor data :32000,900,800,500,38,160,26,1.7,9,1.9,3,1.1,1.8,170,1.3
2021-07-29 12:12:36pm: Command And Valve Status :2,1,2,1,1,1,1,1,1,1,0,2,2,1,1,1,1,1,1,1,1
2021-07-29 12:12:40pm: Sensor data :32000,900,800,500,38,160,26,1.7,9,1.9,3,1.1,1.8,170,1.3
2021-07-29 12:12:41pm: Command And Valve Status :2,1,2,1,1,1,1,1,1,1,0,2,2,1,1,1,1,1,1,1,1
2021-07-29 12:12:45pm: Sensor data :50000,900,800,500,38,160,26,1.2,7,1.5,1,0.9,1.6,150,1.1
2021-07-29 12:12:46pm: Reset : Started
2021-07-29 12:12:46pm: Command And Valve Status :2,1,2,1,1,1,1,1,1,1,0,2,2,1,1,1,1,1,1,1,1
2021-07-29 12:12:50pm: Sensor data :32000,800,700,400,35,140,34,1.7,9,1.9,3,1.1,1.8,170,1.3
2021-07-29 12:12:55pm: Sensor data :50000,800,700,400,35,140,34,1.6,8,1.8,2.2,1,1.7,160,1.2
2021-07-29 12:24:06pm: Initialize (Code to PLC) : Started
2021-07-29 12:24:06pm: Initialize (PLC to Code) : Started
2021-07-29 12:24:07pm: Command And Valve Status :1,2,2,2,2,2,2,2,2,2,0,2,2,2,2,2,2,2,2,2,2
2021-07-29 12:24:12pm: Command And Valve Status :1,2,2,2,2,2,2,2,2,2,0,2,2,2,2,2,2,2,2,2,2
2021-07-29 12:24:18pm: Command And Valve Status :1,2,2,2,2,2,2,2,2,2,0,2,2,2,2,2,2,2,2,2,2
2021-07-29 12:24:18pm: Start (PLC TO DB) : Started
2021-07-29 12:24:19pm: Sensor data :50000,800,700,400,35,140,34,1.6,8,1.8,2.2,1,1.7,160,1.2
2021-07-29 12:24:23pm: Command And Valve Status :2,1,2,2,2,2,2,2,2,2,0,2,2,2,2,2,2,2,2,2,2
2021-07-29 12:24:24pm: Sensor data :50000,800,700,400,35,140,34,1.2,7,1.5,1,0.9,1.6,150,1.1
2021-07-29 12:24:28pm: Command And Valve Status :2,1,2,2,2,2,2,2,2,2,0,2,2,2,2,2,2,2,2,2,1
2021-07-29 12:24:29pm: Sensor data :50000,700,650,300,31,120,32,1.7,9,1.9,3,1.1,1.8,170,1.3
2021-07-29 12:24:34pm: Command And Valve Status :2,1,2,2,2,2,2,2,2,2,0,2,2,2,2,2,1,2,2,1,1
2021-07-29 12:24:34pm: Sensor data :32000,900,800,500,38,160,26,1.2,7,1.5,1,0.9,1.6,150,1.1
2021-07-29 12:24:39pm: Command And Valve Status :2,1,2,1,1,2,2,2,2,2,0,2,2,1,2,2,1,2,1,1,1
2021-07-29 12:24:39pm: Sensor data :32000,800,700,400,35,140,34,1.7,9,1.9,3,1.1,1.8,170,1.3
2021-07-29 12:24:44pm: Command And Valve Status :2,1,2,1,1,2,2,2,2,2,0,2,2,1,2,2,1,2,1,1,1
2021-07-29 12:24:44pm: Sensor data :50000,800,700,400,35,140,34,1.6,8,1.8,2.2,1,1.7,160,1.2
2021-07-29 12:24:50pm: Sensor data :200000,700,650,300,31,120,32,1.6,8,1.8,2.2,1,1.7,160,1.2
2021-07-29 12:24:50pm: Command And Valve Status :2,1,2,1,1,2,2,2,2,2,0,2,2,1,2,2,1,2,1,1,1
2021-07-29 12:24:55pm: Sensor data :50000,900,800,500,38,160,26,1.2,7,1.5,1,0.9,1.6,150,1.1
2021-07-29 12:24:55pm: Command And Valve Status :2,1,2,1,1,2,2,2,2,2,0,2,2,1,2,2,1,2,1,1,1
2021-07-29 12:25:00pm: Sensor data :32000,700,650,300,31,120,32,1.7,9,1.9,3,1.1,1.8,170,1.3
2021-07-29 12:25:00pm: Command And Valve Status :2,1,2,1,1,2,2,2,2,2,0,2,2,1,2,2,1,2,1,1,1
2021-07-29 12:25:05pm: Sensor data :32000,800,700,400,35,140,34,1.7,9,1.9,3,1.1,1.8,170,1.3
2021-07-29 12:25:05pm: Command And Valve Status :2,1,2,1,1,2,2,2,2,2,0,2,2,1,2,2,1,2,1,1,1
2021-07-29 12:25:10pm: Sensor data :32000,900,800,500,38,160,26,1.6,8,1.8,2.2,1,1.7,160,1.2
2021-07-29 12:25:11pm: Command And Valve Status :2,1,2,1,1,2,2,2,2,2,0,2,2,1,2,2,1,2,1,1,1
2021-07-29 12:25:15pm: Sensor data :200000,700,650,300,31,120,32,1.2,7,1.5,1,0.9,1.6,150,1.1
2021-07-29 12:25:16pm: Command And Valve Status :2,1,2,1,1,2,2,2,2,2,0,2,2,1,2,2,1,2,1,1,1
2021-07-29 12:25:20pm: Sensor data :32000,900,800,500,38,160,26,1.2,7,1.5,1,0.9,1.6,150,1.1
2021-07-29 12:25:21pm: Command And Valve Status :2,1,2,1,1,2,2,2,2,2,0,2,2,1,2,2,1,2,1,1,1
2021-07-29 12:25:26pm: Sensor data :32000,800,700,400,35,140,34,1.2,7,1.5,1,0.9,1.6,150,1.1
2021-07-29 12:25:27pm: Command And Valve Status :2,1,2,1,1,2,2,2,2,2,0,2,2,1,2,2,1,2,1,1,1
2021-07-29 12:25:31pm: Sensor data :32000,700,650,300,31,120,32,1.7,9,1.9,3,1.1,1.8,170,1.3
2021-07-29 12:25:32pm: Command And Valve Status :2,1,2,1,1,2,2,2,2,2,0,2,2,1,2,2,1,2,1,1,1
2021-07-29 12:25:36pm: Sensor data :200000,700,650,300,31,120,32,1.6,8,1.8,2.2,1,1.7,160,1.2
2021-07-29 12:25:37pm: Command And Valve Status :2,1,2,1,1,2,2,2,2,2,0,2,2,1,2,2,1,2,1,1,1
2021-07-29 12:25:41pm: Sensor data :200000,800,700,400,35,140,34,1.6,8,1.8,2.2,1,1.7,160,1.2
2021-07-29 12:25:43pm: Command And Valve Status :2,1,2,1,1,1,2,2,2,2,0,2,2,1,2,2,1,2,1,1,1
2021-07-29 12:25:46pm: Sensor data :32000,700,650,300,31,120,32,1.2,7,1.5,1,0.9,1.6,150,1.1
2021-07-29 12:25:48pm: Command And Valve Status :2,1,2,1,1,1,1,2,2,2,0,2,2,1,1,1,1,2,1,1,1
2021-07-29 12:25:51pm: Sensor data :50000,800,700,400,35,140,34,1.6,8,1.8,2.2,1,1.7,160,1.2
2021-07-29 12:25:53pm: Command And Valve Status :2,1,2,1,1,1,1,1,2,2,0,2,2,1,1,1,1,2,1,1,1
2021-07-29 12:25:56pm: Sensor data :32000,700,650,300,31,120,32,1.2,7,1.5,1,0.9,1.6,150,1.1
2021-07-29 12:25:59pm: Command And Valve Status :2,1,2,1,1,1,1,1,1,1,0,2,2,1,1,1,1,1,1,1,1
2021-07-29 12:26:02pm: Sensor data :32000,900,800,500,38,160,26,1.7,9,1.9,3,1.1,1.8,170,1.3
2021-07-29 12:26:04pm: Command And Valve Status :2,1,2,1,1,1,1,1,1,1,0,2,2,1,1,1,1,1,1,1,1
2021-07-29 12:26:07pm: Sensor data :32000,800,700,400,35,140,34,1.2,7,1.5,1,0.9,1.6,150,1.1
2021-07-29 12:26:10pm: Command And Valve Status :2,1,2,1,1,1,1,1,1,1,0,2,2,1,1,1,1,1,1,1,1
2021-07-29 12:26:12pm: Sensor data :50000,800,700,400,35,140,34,1.6,8,1.8,2.2,1,1.7,160,1.2
2021-07-29 12:26:15pm: Command And Valve Status :2,1,2,1,1,1,1,1,1,1,0,2,2,1,1,1,1,1,1,1,1
2021-07-29 12:26:17pm: Sensor data :32000,700,650,300,31,120,32,1.2,7,1.5,1,0.9,1.6,150,1.1
2021-07-29 12:26:20pm: Command And Valve Status :2,1,2,1,1,1,1,1,1,1,0,2,2,1,1,1,1,1,1,1,1
2021-07-29 12:26:22pm: Sensor data :50000,800,700,400,35,140,34,1.7,9,1.9,3,1.1,1.8,170,1.3
2021-07-29 12:26:25pm: Command And Valve Status :2,1,2,1,1,1,1,1,1,1,0,2,2,1,1,1,1,1,1,1,1
2021-07-29 12:26:27pm: Sensor data :32000,700,650,300,31,120,32,1.2,7,1.5,1,0.9,1.6,150,1.1
2021-07-29 12:26:31pm: Command And Valve Status :2,1,2,1,1,1,1,1,1,1,0,2,2,1,1,1,1,1,1,1,1
2021-07-29 12:26:32pm: Sensor data :200000,900,800,500,38,160,26,1.6,8,1.8,2.2,1,1.7,160,1.2
2021-07-29 12:26:36pm: Command And Valve Status :2,1,2,1,1,1,1,1,1,1,0,2,2,1,1,1,1,1,1,1,1
2021-07-29 12:26:38pm: Sensor data :50000,800,700,400,35,140,34,1.2,7,1.5,1,0.9,1.6,150,1.1
2021-07-29 12:26:41pm: Command And Valve Status :2,1,2,1,1,1,1,1,1,1,0,2,2,1,1,1,1,1,1,1,1
2021-07-29 12:26:43pm: Sensor data :50000,800,700,400,35,140,34,1.7,9,1.9,3,1.1,1.8,170,1.3
2021-07-29 12:26:47pm: Command And Valve Status :2,1,2,1,1,1,1,1,1,1,0,2,2,1,1,1,1,1,1,1,1
2021-07-29 12:26:48pm: Sensor data :50000,800,700,400,35,140,34,1.2,7,1.5,1,0.9,1.6,150,1.1
2021-07-29 12:26:52pm: Command And Valve Status :2,1,2,1,1,1,1,1,1,1,0,2,2,1,1,1,1,1,1,1,1
2021-07-29 12:26:53pm: Sensor data :50000,900,800,500,38,160,26,1.7,9,1.9,3,1.1,1.8,170,1.3
2021-07-29 12:26:57pm: Command And Valve Status :2,1,2,1,1,1,1,1,1,1,0,2,2,1,1,1,1,1,1,1,1
2021-07-29 12:26:58pm: Sensor data :32000,700,700,400,35,140,34,1.2,8,1.8,2.2,1,1.7,160,1.2
2021-07-29 12:27:03pm: Command And Valve Status :2,1,2,1,1,1,1,1,1,1,0,2,2,1,1,1,1,1,1,1,1
2021-07-29 12:27:03pm: Sensor data :200000,900,800,500,38,160,26,1.7,9,1.9,3,1.1,1.8,170,1.3
2021-07-29 12:27:08pm: Command And Valve Status :2,1,2,1,1,1,1,1,1,1,0,2,2,1,1,1,1,1,1,1,1
2021-07-29 12:27:08pm: Sensor data :200000,800,700,400,35,140,34,1.6,8,1.8,2.2,1,1.7,160,1.2
2021-07-29 12:27:13pm: Command And Valve Status :2,1,2,1,1,1,1,1,1,1,0,2,2,1,1,1,1,1,1,1,1
2021-07-29 12:27:14pm: Sensor data :200000,700,650,300,31,120,32,1.6,8,1.8,2.2,1,1.7,160,1.2
2021-07-29 12:27:19pm: Command And Valve Status :2,1,2,1,1,1,1,1,1,1,0,2,2,1,1,1,1,1,1,1,1
2021-07-29 12:27:19pm: Sensor data :50000,700,650,300,31,120,32,1.6,8,1.8,2.2,1,1.7,160,1.2
2021-07-29 12:27:24pm: Command And Valve Status :2,1,2,1,1,1,1,1,1,1,0,2,2,1,1,1,1,1,1,1,1
2021-07-29 12:27:24pm: Sensor data :32000,800,700,400,35,140,34,1.2,7,1.5,1,0.9,1.6,150,1.1
2021-07-29 12:27:29pm: Sensor data :50000,900,800,500,38,160,26,1.6,8,1.8,2.2,1,1.7,160,1.2
2021-07-29 12:27:29pm: Command And Valve Status :2,1,2,1,1,1,1,1,1,1,0,2,2,1,1,1,1,1,1,1,1
2021-07-29 12:27:34pm: Sensor data :200000,700,650,300,31,120,32,1.6,8,1.8,2.2,1,1.7,160,1.2
2021-07-29 12:27:34pm: Command And Valve Status :2,1,2,1,1,1,1,1,1,1,0,2,2,1,1,1,1,1,1,1,1
2021-07-29 12:27:39pm: Sensor data :200000,800,700,400,35,140,34,1.6,8,1.8,2.2,1,1.7,160,1.2
2021-07-29 12:27:40pm: Command And Valve Status :2,1,2,1,1,1,1,1,1,1,0,2,2,1,1,1,1,1,1,1,1
2021-07-29 12:27:41pm: Reset : Started
2021-07-29 12:27:44pm: Sensor data :200000,700,650,300,31,120,32,1.2,7,1.5,1,0.9,1.6,150,1.1
2021-07-29 12:27:45pm: Command And Valve Status :2,1,2,1,1,1,1,1,1,1,0,2,2,1,1,1,1,1,1,1,1
2021-07-29 12:27:49pm: Reset : Started
2021-07-29 12:27:50pm: Sensor data :200000,800,800,500,38,160,26,1.2,8,1.8,2.2,1,1.7,160,1.2
2021-07-29 12:27:50pm: Command And Valve Status :2,1,2,1,1,1,1,1,1,1,0,2,2,1,1,1,1,1,1,1,1
2021-07-29 12:27:55pm: Sensor data :32000,700,650,300,31,120,32,1.6,8,1.8,2.2,1,1.7,160,1.2
2021-07-29 12:27:56pm: Command And Valve Status :2,1,2,1,1,1,1,1,1,1,0,2,2,1,1,1,1,1,1,1,1
2021-07-29 12:28:00pm: Sensor data :50000,700,650,300,31,120,32,1.2,7,1.5,1,0.9,1.6,150,1.1
2021-07-29 12:28:01pm: Command And Valve Status :2,1,2,1,1,1,1,1,1,1,0,2,2,1,1,1,1,1,1,1,1
2021-07-29 12:28:05pm: Sensor data :200000,800,700,400,35,140,34,1.6,8,1.8,2.2,1,1.7,160,1.2
2021-07-29 12:28:06pm: Command And Valve Status :2,1,2,1,1,1,1,1,1,1,0,2,2,1,1,1,1,1,1,1,1
2021-07-29 12:28:10pm: Sensor data :32000,900,800,500,38,160,26,1.2,7,1.5,1,0.9,1.6,150,1.1
2021-07-29 12:28:12pm: Command And Valve Status :2,1,2,1,1,1,1,1,1,1,0,2,2,1,1,1,1,1,1,1,1
2021-07-29 12:28:15pm: Sensor data :32000,700,650,300,31,120,32,1.7,9,1.9,3,1.1,1.8,170,1.3
2021-07-29 12:28:17pm: Command And Valve Status :2,1,2,1,1,1,1,1,1,1,0,2,2,1,1,1,1,1,1,1,1
2021-07-29 12:28:20pm: Sensor data :50000,800,700,400,35,140,34,1.6,8,1.8,2.2,1,1.7,160,1.2
2021-07-29 12:28:22pm: Command And Valve Status :2,1,2,1,1,1,1,1,1,1,0,2,2,1,1,1,1,1,1,1,1
2021-07-29 12:28:26pm: Sensor data :200000,700,650,300,31,120,32,1.7,9,1.9,3,1.1,1.8,170,1.3
2021-07-29 12:28:28pm: Command And Valve Status :2,1,2,1,1,1,1,1,1,1,0,2,2,1,1,1,1,1,1,1,1
2021-07-29 12:28:31pm: Sensor data :32000,800,700,400,35,140,34,1.7,9,1.9,3,1.1,1.8,170,1.3
2021-07-29 12:28:33pm: Command And Valve Status :2,1,2,1,1,1,1,1,1,1,0,2,2,1,1,1,1,1,1,1,1
2021-07-29 12:28:36pm: Sensor data :32000,900,800,500,38,160,26,1.6,8,1.8,2.2,1,1.7,160,1.2
2021-07-29 12:28:38pm: Command And Valve Status :2,1,2,1,1,1,1,1,1,1,0,2,2,1,1,1,1,1,1,1,1
2021-07-29 12:28:42pm: Sensor data :50000,900,800,500,38,160,26,1.7,9,1.9,3,1.1,1.8,170,1.3
2021-07-29 12:28:43pm: Command And Valve Status :2,1,2,1,1,1,1,1,1,1,0,2,2,1,1,1,1,1,1,1,1
2021-07-29 12:28:47pm: Sensor data :50000,800,700,400,35,140,34,1.7,9,1.9,3,1.1,1.8,170,1.3
2021-07-29 12:28:49pm: Command And Valve Status :2,1,2,1,1,1,1,1,1,1,0,2,2,1,1,1,1,1,1,1,1
2021-07-29 12:28:52pm: Sensor data :50000,900,800,500,38,160,26,1.7,9,1.9,3,1.1,1.8,170,1.3
2021-07-29 12:28:54pm: Command And Valve Status :2,1,2,1,1,1,1,1,1,1,0,2,2,1,1,1,1,1,1,1,1
2021-07-29 12:28:57pm: Sensor data :32000,900,800,500,38,160,26,1.6,8,1.8,2.2,1,1.7,160,1.2
2021-07-29 12:28:59pm: Command And Valve Status :2,1,2,1,1,1,1,1,1,1,0,2,2,1,1,1,1,1,1,1,1
2021-07-29 12:29:02pm: Sensor data :50000,800,700,400,35,140,34,1.2,7,1.5,1,0.9,1.6,150,1.1
2021-07-29 12:29:05pm: Command And Valve Status :2,1,2,1,1,1,1,1,1,1,0,2,2,1,1,1,1,1,1,1,1
2021-07-29 12:29:07pm: Sensor data :32000,700,650,300,31,120,32,1.7,9,1.9,3,1.1,1.8,170,1.3
2021-07-29 12:29:10pm: Command And Valve Status :2,1,2,1,1,1,1,1,1,1,0,2,2,1,1,1,1,1,1,1,1
2021-07-29 12:29:13pm: Sensor data :32000,700,650,300,31,120,32,1.2,7,1.5,1,0.9,1.6,150,1.1
2021-07-29 12:29:15pm: Command And Valve Status :2,1,2,1,1,1,1,1,1,1,0,2,2,1,1,1,1,1,1,1,1
2021-07-29 12:29:18pm: Sensor data :200000,800,700,400,35,140,34,1.6,8,1.8,2.2,1,1.7,160,1.2
2021-07-29 12:29:21pm: Command And Valve Status :2,1,2,1,1,1,1,1,1,1,0,2,2,1,1,1,1,1,1,1,1
2021-07-29 12:29:23pm: Sensor data :50000,900,800,500,38,160,26,1.7,9,1.9,3,1.1,1.8,170,1.3
2021-07-29 12:29:26pm: Command And Valve Status :2,1,2,1,1,1,1,1,1,1,0,2,2,1,1,1,1,1,1,1,1
2021-07-29 12:29:28pm: Sensor data :32000,900,800,500,38,160,26,1.6,8,1.8,2.2,1,1.7,160,1.2
2021-07-29 12:29:31pm: Command And Valve Status :2,1,2,1,1,1,1,1,1,1,0,2,2,1,1,1,1,1,1,1,1
2021-07-29 12:29:33pm: Sensor data :50000,700,650,300,31,120,32,1.2,7,1.5,1,0.9,1.6,150,1.1
2021-07-29 12:29:36pm: Command And Valve Status :2,1,2,1,1,1,1,1,1,1,0,2,2,1,1,1,1,1,1,1,1
2021-07-29 12:29:38pm: Sensor data :32000,800,700,400,35,140,34,1.6,8,1.8,2.2,1,1.7,160,1.2
2021-07-29 12:29:42pm: Command And Valve Status :2,1,2,1,1,1,1,1,1,1,0,2,2,1,1,1,1,1,1,1,1
2021-07-29 12:29:44pm: Sensor data :32000,900,800,500,38,160,26,1.7,9,1.9,3,1.1,1.8,170,1.3
2021-07-29 12:29:47pm: Command And Valve Status :2,1,2,1,1,1,1,1,1,1,0,2,2,1,1,1,1,1,1,1,1
2021-07-29 12:29:49pm: Sensor data :32000,800,700,400,35,140,34,1.7,9,1.9,3,1.1,1.8,170,1.3
2021-07-29 12:29:52pm: Command And Valve Status :2,1,2,1,1,1,1,1,1,1,0,2,2,1,1,1,1,1,1,1,1
2021-07-29 12:29:54pm: Sensor data :200000,800,800,500,38,160,26,1.7,7,1.5,1,0.9,1.6,150,1.1
2021-07-29 12:29:58pm: Command And Valve Status :2,1,2,1,1,1,1,1,1,1,0,2,2,1,1,1,1,1,1,1,1
2021-07-29 12:29:59pm: Sensor data :50000,700,650,300,31,120,32,1.2,7,1.5,1,0.9,1.6,150,1.1
2021-07-29 12:30:03pm: Command And Valve Status :2,1,2,1,1,1,1,1,1,1,0,2,2,1,1,1,1,1,1,1,1
2021-07-29 12:30:04pm: Sensor data :50000,900,800,500,38,160,26,1.7,9,1.9,3,1.1,1.8,170,1.3
2021-07-29 12:30:08pm: Command And Valve Status :2,1,2,1,1,1,1,1,1,1,0,2,2,1,1,1,1,1,1,1,1
2021-07-29 12:30:09pm: Sensor data :200000,800,700,400,35,140,34,1.2,7,1.5,1,0.9,1.6,150,1.1
2021-07-29 12:30:14pm: Command And Valve Status :2,1,2,1,1,1,1,1,1,1,0,2,2,1,1,1,1,1,1,1,1
2021-07-29 12:30:15pm: Sensor data :50000,700,650,300,31,120,32,1.2,7,1.5,1,0.9,1.6,150,1.1
2021-07-29 12:30:19pm: Command And Valve Status :2,1,2,1,1,1,1,1,1,1,0,2,2,1,1,1,1,1,1,1,1
2021-07-29 12:30:20pm: Sensor data :50000,900,800,500,38,160,26,1.7,9,1.9,3,1.1,1.8,170,1.3
2021-07-29 12:30:24pm: Command And Valve Status :2,1,2,1,1,1,1,1,1,1,0,2,2,1,1,1,1,1,1,1,1
2021-07-29 12:30:25pm: Sensor data :200000,900,800,500,38,160,26,1.7,9,1.9,3,1.1,1.8,170,1.3
2021-07-29 12:30:30pm: Command And Valve Status :2,1,2,1,1,1,1,1,1,1,0,2,2,1,1,1,1,1,1,1,1
2021-07-29 12:30:30pm: Sensor data :50000,800,700,400,35,140,34,1.2,7,1.5,1,0.9,1.6,150,1.1
2021-07-29 12:30:35pm: Command And Valve Status :2,1,2,1,1,1,1,1,1,1,0,2,2,1,1,1,1,1,1,1,1
2021-07-29 12:30:35pm: Sensor data :32000,700,650,300,31,120,32,1.7,9,1.9,3,1.1,1.8,170,1.3
2021-07-29 12:30:40pm: Command And Valve Status :2,1,2,1,1,1,1,1,1,1,0,2,2,1,1,1,1,1,1,1,1
2021-07-29 12:30:40pm: Sensor data :200000,900,800,500,38,160,26,1.6,8,1.8,2.2,1,1.7,160,1.2
2021-07-29 12:30:45pm: Command And Valve Status :2,1,2,1,1,1,1,1,1,1,0,2,2,1,1,1,1,1,1,1,1
2021-07-29 12:30:45pm: Sensor data :32000,900,800,500,38,160,26,1.7,9,1.9,3,1.1,1.8,170,1.3
2021-07-29 12:30:51pm: Sensor data :32000,700,650,300,31,120,32,1.6,8,1.8,2.2,1,1.7,160,1.2
2021-07-29 12:30:51pm: Command And Valve Status :2,1,2,1,1,1,1,1,1,1,0,2,2,1,1,1,1,1,1,1,1
2021-07-29 12:30:56pm: Sensor data :200000,800,700,400,35,140,34,1.6,8,1.8,2.2,1,1.7,160,1.2
2021-07-29 12:30:56pm: Command And Valve Status :2,1,2,1,1,1,1,1,1,1,0,2,2,1,1,1,1,1,1,1,1
2021-07-29 12:31:01pm: Sensor data :50000,800,700,400,35,140,34,1.2,7,1.5,1,0.9,1.6,150,1.1
2021-07-29 12:31:01pm: Command And Valve Status :2,1,2,1,1,1,1,1,1,1,0,2,2,1,1,1,1,1,1,1,1
2021-07-29 12:31:06pm: Sensor data :32000,900,800,500,38,160,26,1.7,9,1.9,3,1.1,1.8,170,1.3
2021-07-29 12:31:07pm: Command And Valve Status :2,1,2,1,1,1,1,1,1,1,0,2,2,1,1,1,1,1,1,1,1
2021-07-29 12:31:11pm: Sensor data :50000,700,650,300,31,120,32,1.7,9,1.9,3,1.1,1.8,170,1.3
2021-07-29 12:31:12pm: Command And Valve Status :2,1,2,1,1,1,1,1,1,1,0,2,2,1,1,1,1,1,1,1,1
2021-07-29 12:31:16pm: Sensor data :200000,700,650,300,31,120,32,1.2,7,1.5,1,0.9,1.6,150,1.1
2021-07-29 12:31:17pm: Command And Valve Status :2,1,2,1,1,1,1,1,1,1,0,2,2,1,1,1,1,1,1,1,1
2021-07-29 12:31:21pm: Sensor data :32000,700,650,300,31,120,32,1.6,8,1.8,2.2,1,1.7,160,1.2
2021-07-29 12:31:23pm: Command And Valve Status :2,1,2,1,1,1,1,1,1,1,0,2,2,1,1,1,1,1,1,1,1
2021-07-29 12:31:27pm: Sensor data :200000,700,650,300,31,120,32,1.2,7,1.5,1,0.9,1.6,150,1.1
2021-07-29 12:31:28pm: Command And Valve Status :2,1,2,1,1,1,1,1,1,1,0,2,2,1,1,1,1,1,1,1,1
2021-07-29 12:31:32pm: Sensor data :32000,900,800,500,38,160,26,1.7,9,1.9,3,1.1,1.8,170,1.3
2021-07-29 12:31:33pm: Command And Valve Status :2,1,2,1,1,1,1,1,1,1,0,2,2,1,1,1,1,1,1,1,1
2021-07-29 12:31:37pm: Sensor data :32000,900,800,500,38,160,26,1.7,9,1.9,3,1.1,1.8,170,1.3
2021-07-29 12:31:39pm: Command And Valve Status :2,1,2,1,1,1,1,1,1,1,0,2,2,1,1,1,1,1,1,1,1
2021-07-29 12:31:42pm: Sensor data :200000,800,700,400,35,140,34,1.6,8,1.8,2.2,1,1.7,160,1.2
2021-07-29 12:31:44pm: Command And Valve Status :2,1,2,1,1,1,1,1,1,1,0,2,2,1,1,1,1,1,1,1,1
2021-07-29 12:31:47pm: Sensor data :50000,900,800,500,38,160,26,1.2,7,1.5,1,0.9,1.6,150,1.1
2021-07-29 12:31:49pm: Command And Valve Status :2,1,2,1,1,1,1,1,1,1,0,2,2,1,1,1,1,1,1,1,1
2021-07-29 12:31:52pm: Sensor data :50000,800,700,400,35,140,34,1.7,9,1.9,3,1.1,1.8,170,1.3
2021-07-29 12:31:54pm: Command And Valve Status :2,1,2,1,1,1,1,1,1,1,0,2,2,1,1,1,1,1,1,1,1
2021-07-29 12:31:57pm: Sensor data :200000,900,800,500,38,160,26,1.6,8,1.8,2.2,1,1.7,160,1.2
2021-07-29 12:32:00pm: Command And Valve Status :2,1,2,1,1,1,1,1,1,1,0,2,2,1,1,1,1,1,1,1,1
2021-07-29 12:32:03pm: Sensor data :32000,800,700,400,35,140,34,1.6,8,1.8,2.2,1,1.7,160,1.2
2021-07-29 12:32:05pm: Command And Valve Status :2,1,2,1,1,1,1,1,1,1,0,2,2,1,1,1,1,1,1,1,1
2021-07-29 12:32:08pm: Sensor data :50000,700,650,300,31,120,32,1.6,8,1.8,2.2,1,1.7,160,1.2
2021-07-29 12:32:10pm: Command And Valve Status :2,1,2,1,1,1,1,1,1,1,0,2,2,1,1,1,1,1,1,1,1
2021-07-29 12:32:13pm: Sensor data :200000,700,650,300,31,120,32,1.6,8,1.8,2.2,1,1.7,160,1.2
2021-07-29 12:32:16pm: Command And Valve Status :2,1,2,1,1,1,1,1,1,1,0,2,2,1,1,1,1,1,1,1,1
2021-07-29 12:32:18pm: Sensor data :200000,900,800,500,38,160,26,1.6,8,1.8,2.2,1,1.7,160,1.2
2021-07-29 12:32:21pm: Command And Valve Status :2,1,2,1,1,1,1,1,1,1,0,2,2,1,1,1,1,1,1,1,1
2021-07-29 12:32:23pm: Sensor data :32000,800,700,400,35,140,34,1.7,9,1.9,3,1.1,1.8,170,1.3
2021-07-29 12:32:26pm: Command And Valve Status :2,1,2,1,1,1,1,1,1,1,0,2,2,1,1,1,1,1,1,1,1
2021-07-29 12:32:28pm: Sensor data :32000,900,800,500,38,160,26,1.6,8,1.8,2.2,1,1.7,160,1.2
2021-07-29 12:32:32pm: Command And Valve Status :2,1,2,1,1,1,1,1,1,1,0,2,2,1,1,1,1,1,1,1,1
2021-07-29 12:32:33pm: Sensor data :200000,800,700,400,35,140,34,1.7,9,1.9,3,1.1,1.8,170,1.3
2021-07-29 12:32:37pm: Command And Valve Status :2,1,2,1,1,1,1,1,1,1,0,2,2,1,1,1,1,1,1,1,1
2021-07-29 12:32:39pm: Sensor data :32000,700,650,300,31,120,32,1.7,9,1.9,3,1.1,1.8,170,1.3
2021-07-29 12:32:42pm: Command And Valve Status :2,1,2,1,1,1,1,1,1,1,0,2,2,1,1,1,1,1,1,1,1
2021-07-29 12:32:44pm: Sensor data :32000,900,800,500,38,160,26,1.2,7,1.5,1,0.9,1.6,150,1.1
2021-07-29 12:32:47pm: Command And Valve Status :2,1,2,1,1,1,1,1,1,1,0,2,2,1,1,1,1,1,1,1,1
2021-07-29 12:32:49pm: Sensor data :50000,800,700,400,35,140,34,1.6,8,1.8,2.2,1,1.7,160,1.2
2021-07-29 12:32:53pm: Command And Valve Status :2,1,2,1,1,1,1,1,1,1,0,2,2,1,1,1,1,1,1,1,1
2021-07-29 12:32:54pm: Sensor data :200000,900,800,500,38,160,26,1.7,9,1.9,3,1.1,1.8,170,1.3
2021-07-29 12:32:58pm: Command And Valve Status :2,1,2,1,1,1,1,1,1,1,0,2,2,1,1,1,1,1,1,1,1
2021-07-29 12:32:59pm: Sensor data :200000,700,650,300,31,120,32,1.6,8,1.8,2.2,1,1.7,160,1.2
2021-07-29 12:33:03pm: Command And Valve Status :2,1,2,1,1,1,1,1,1,1,0,2,2,1,1,1,1,1,1,1,1
2021-07-29 12:33:04pm: Sensor data :200000,900,800,500,38,160,26,1.7,9,1.9,3,1.1,1.8,170,1.3
2021-07-29 12:33:09pm: Command And Valve Status :2,1,2,1,1,1,1,1,1,1,0,2,2,1,1,1,1,1,1,1,1
2021-07-29 12:33:09pm: Sensor data :200000,800,700,400,35,140,34,1.7,9,1.9,3,1.1,1.8,170,1.3
2021-07-29 12:33:14pm: Command And Valve Status :2,1,2,1,1,1,1,1,1,1,0,2,2,1,1,1,1,1,1,1,1
2021-07-29 12:33:15pm: Sensor data :200000,900,800,500,38,160,26,1.6,8,1.8,2.2,1,1.7,160,1.2
2021-07-29 12:33:19pm: Command And Valve Status :2,1,2,1,1,1,1,1,1,1,0,2,2,1,1,1,1,1,1,1,1
2021-07-29 12:33:20pm: Sensor data :200000,700,650,300,31,120,32,1.2,7,1.5,1,0.9,1.6,150,1.1
2021-07-29 12:33:25pm: Command And Valve Status :2,1,2,1,1,1,1,1,1,1,0,2,2,1,1,1,1,1,1,1,1
2021-07-29 12:33:25pm: Sensor data :200000,900,800,500,38,160,26,1.6,8,1.8,2.2,1,1.7,160,1.2
2021-07-29 12:33:30pm: Command And Valve Status :2,1,2,1,1,1,1,1,1,1,0,2,2,1,1,1,1,1,1,1,1
2021-07-29 12:33:30pm: Sensor data :32000,800,800,500,38,160,26,1.6,9,1.9,3,1.1,1.8,170,1.3
2021-07-29 12:33:35pm: Sensor data :50000,700,650,300,31,120,32,1.2,7,1.5,1,0.9,1.6,150,1.1
2021-07-29 12:33:35pm: Command And Valve Status :2,1,2,1,1,1,1,1,1,1,0,2,2,1,1,1,1,1,1,1,1
2021-07-29 12:33:40pm: Sensor data :32000,900,800,500,38,160,26,1.6,8,1.8,2.2,1,1.7,160,1.2
2021-07-29 12:33:40pm: Command And Valve Status :2,1,2,1,1,1,1,1,1,1,0,2,2,1,1,1,1,1,1,1,1
2021-07-29 12:33:46pm: Sensor data :50000,700,650,300,31,120,32,1.7,9,1.9,3,1.1,1.8,170,1.3
2021-07-29 12:33:46pm: Command And Valve Status :2,1,2,1,1,1,1,1,1,1,0,2,2,1,1,1,1,1,1,1,1
2021-07-29 12:33:51pm: Sensor data :50000,700,650,300,31,120,32,1.7,9,1.9,3,1.1,1.8,170,1.3
2021-07-29 12:33:51pm: Command And Valve Status :2,1,2,1,1,1,1,1,1,1,0,2,2,1,1,1,1,1,1,1,1
2021-07-29 12:33:56pm: Sensor data :200000,700,650,300,31,120,32,1.6,8,1.8,2.2,1,1.7,160,1.2
2021-07-29 12:33:56pm: Command And Valve Status :2,1,2,1,1,1,1,1,1,1,0,2,2,1,1,1,1,1,1,1,1
2021-07-29 12:34:01pm: Sensor data :50000,800,700,400,35,140,34,1.2,7,1.5,1,0.9,1.6,150,1.1
2021-07-29 12:34:02pm: Command And Valve Status :2,1,2,1,1,1,1,1,1,1,0,2,2,1,1,1,1,1,1,1,1
2021-07-29 12:34:06pm: Sensor data :32000,800,700,400,35,140,34,1.2,7,1.5,1,0.9,1.6,150,1.1
2021-07-29 12:34:07pm: Command And Valve Status :2,1,2,1,1,1,1,1,1,1,0,2,2,1,1,1,1,1,1,1,1
2021-07-29 12:34:11pm: Sensor data :200000,800,700,400,35,140,34,1.6,8,1.8,2.2,1,1.7,160,1.2
2021-07-29 12:34:12pm: Command And Valve Status :2,1,2,1,1,1,1,1,1,1,0,2,2,1,1,1,1,1,1,1,1
2021-07-29 12:34:16pm: Sensor data :32000,900,800,500,38,160,26,1.6,8,1.8,2.2,1,1.7,160,1.2
2021-07-29 12:34:18pm: Command And Valve Status :2,1,2,1,1,1,1,1,1,1,0,2,2,1,1,1,1,1,1,1,1
2021-07-29 12:34:22pm: Sensor data :200000,700,650,300,31,120,32,1.6,8,1.8,2.2,1,1.7,160,1.2
2021-07-29 12:34:23pm: Command And Valve Status :2,1,2,1,1,1,1,1,1,1,0,2,2,1,1,1,1,1,1,1,1
2021-07-29 12:34:27pm: Sensor data :50000,800,700,400,35,140,34,1.7,9,1.9,3,1.1,1.8,170,1.3
2021-07-29 12:34:28pm: Command And Valve Status :2,1,2,1,1,1,1,1,1,1,0,2,2,1,1,1,1,1,1,1,1
2021-07-29 12:34:32pm: Sensor data :50000,800,700,400,35,140,34,1.6,8,1.8,2.2,1,1.7,160,1.2
2021-07-29 12:34:34pm: Command And Valve Status :2,1,2,1,1,1,1,1,1,1,0,2,2,1,1,1,1,1,1,1,1
2021-07-29 12:34:37pm: Sensor data :200000,800,700,400,35,140,34,1.7,9,1.9,3,1.1,1.8,170,1.3
2021-07-29 12:34:39pm: Command And Valve Status :2,1,2,1,1,1,1,1,1,1,0,2,2,1,1,1,1,1,1,1,1
2021-07-29 12:34:42pm: Sensor data :50000,700,650,300,31,120,32,1.7,9,1.9,3,1.1,1.8,170,1.3
2021-07-29 12:34:44pm: Command And Valve Status :2,1,2,1,1,1,1,1,1,1,0,2,2,1,1,1,1,1,1,1,1
2021-07-29 12:34:47pm: Sensor data :32000,900,800,500,38,160,26,1.6,8,1.8,2.2,1,1.7,160,1.2
2021-07-29 12:34:49pm: Command And Valve Status :2,1,2,1,1,1,1,1,1,1,0,2,2,1,1,1,1,1,1,1,1
2021-07-29 12:34:52pm: Sensor data :200000,900,800,500,38,160,26,1.7,9,1.9,3,1.1,1.8,170,1.3
2021-07-29 12:34:55pm: Command And Valve Status :2,1,2,1,1,1,1,1,1,1,0,2,2,1,1,1,1,1,1,1,1
2021-07-29 12:34:58pm: Sensor data :32000,700,650,300,31,120,32,1.6,8,1.8,2.2,1,1.7,160,1.2
2021-07-29 12:35:00pm: Command And Valve Status :2,1,2,1,1,1,1,1,1,1,0,2,2,1,1,1,1,1,1,1,1
2021-07-29 12:35:03pm: Sensor data :50000,700,650,300,31,120,32,1.7,9,1.9,3,1.1,1.8,170,1.3
2021-07-29 12:35:05pm: Command And Valve Status :2,1,2,1,1,1,1,1,1,1,0,2,2,1,1,1,1,1,1,1,1
2021-07-29 12:35:08pm: Sensor data :200000,800,700,400,35,140,34,1.2,7,1.5,1,0.9,1.6,150,1.1
2021-07-29 12:35:11pm: Command And Valve Status :2,1,2,1,1,1,1,1,1,1,0,2,2,1,1,1,1,1,1,1,1
2021-07-29 12:35:13pm: Sensor data :32000,900,800,500,38,160,26,1.6,8,1.8,2.2,1,1.7,160,1.2
2021-07-29 12:35:16pm: Command And Valve Status :2,1,2,1,1,1,1,1,1,1,0,2,2,1,1,1,1,1,1,1,1
2021-07-29 12:35:18pm: Sensor data :32000,900,800,500,38,160,26,1.6,8,1.8,2.2,1,1.7,160,1.2
2021-07-29 12:35:21pm: Command And Valve Status :2,1,2,1,1,1,1,1,1,1,0,2,2,1,1,1,1,1,1,1,1
2021-07-29 12:35:23pm: Sensor data :200000,700,650,300,31,120,32,1.2,7,1.5,1,0.9,1.6,150,1.1
2021-07-29 12:35:27pm: Command And Valve Status :2,1,2,1,1,1,1,1,1,1,0,2,2,1,1,1,1,1,1,1,1
2021-07-29 12:35:29pm: Sensor data :32000,900,800,500,38,160,26,1.2,7,1.5,1,0.9,1.6,150,1.1
2021-07-29 12:35:32pm: Command And Valve Status :2,1,2,1,1,1,1,1,1,1,0,2,2,1,1,1,1,1,1,1,1
2021-07-29 12:35:34pm: Sensor data :32000,900,800,500,38,160,26,1.2,7,1.5,1,0.9,1.6,150,1.1
2021-07-29 12:42:03pm: Initialize (Code to PLC) : Started
2021-07-29 12:42:04pm: Initialize (PLC to Code) : Started
2021-07-29 12:42:04pm: Command And Valve Status :1,2,2,2,2,2,2,2,2,2,0,2,2,2,2,2,2,2,2,2,2
2021-07-29 12:42:09pm: Command And Valve Status :1,2,2,2,2,2,2,2,2,2,0,2,2,2,2,2,2,2,2,2,2
2021-07-29 12:42:15pm: Command And Valve Status :1,2,2,2,2,2,2,2,2,2,0,2,2,2,2,2,2,2,2,2,2
2021-07-29 12:42:20pm: Command And Valve Status :1,2,2,2,2,2,2,2,2,2,0,2,2,2,2,2,2,2,2,2,2
2021-07-29 12:42:25pm: Command And Valve Status :1,2,2,2,2,2,2,2,2,2,0,2,2,2,2,2,2,2,2,2,2
2021-07-29 12:42:30pm: Command And Valve Status :1,2,2,2,2,2,2,2,2,2,0,2,2,2,2,2,2,2,2,2,2
2021-07-29 12:42:36pm: Command And Valve Status :1,2,2,2,2,2,2,2,2,2,0,2,2,2,2,2,2,2,2,2,2
2021-07-29 12:42:41pm: Command And Valve Status :1,2,2,2,2,2,2,2,2,2,0,2,2,2,2,2,2,2,2,2,2
2021-07-29 12:42:46pm: Command And Valve Status :1,2,2,2,2,2,2,2,2,2,0,2,2,2,2,2,2,2,2,2,2
2021-07-29 12:42:52pm: Command And Valve Status :1,2,2,2,2,2,2,2,2,2,0,2,2,2,2,2,2,2,2,2,2
2021-07-29 12:42:57pm: Command And Valve Status :1,2,2,2,2,2,2,2,2,2,0,2,2,2,2,2,2,2,2,2,2
2021-07-29 12:43:02pm: Command And Valve Status :1,2,2,2,2,2,2,2,2,2,0,2,2,2,2,2,2,2,2,2,2
2021-07-29 12:43:08pm: Command And Valve Status :1,2,2,2,2,2,2,2,2,2,0,2,2,2,2,2,2,2,2,2,2
2021-07-29 12:43:13pm: Command And Valve Status :1,2,2,2,2,2,2,2,2,2,0,2,2,2,2,2,2,2,2,2,2
2021-07-29 12:43:18pm: Command And Valve Status :1,2,2,2,2,2,2,2,2,2,0,2,2,2,2,2,2,2,2,2,2
2021-07-29 12:43:23pm: Command And Valve Status :1,2,2,2,2,2,2,2,2,2,0,2,2,2,2,2,2,2,2,2,2
2021-07-29 12:43:29pm: Command And Valve Status :1,2,2,2,2,2,2,2,2,2,0,2,2,2,2,2,2,2,2,2,2
2021-07-29 12:43:34pm: Command And Valve Status :1,2,2,2,2,2,2,2,2,2,0,2,2,2,2,2,2,2,2,2,2
2021-07-29 12:43:39pm: Command And Valve Status :1,2,2,2,2,2,2,2,2,2,0,2,2,2,2,2,2,2,2,2,2
2021-07-29 12:43:45pm: Command And Valve Status :1,2,2,2,2,2,2,2,2,2,0,2,2,2,2,2,2,2,2,2,2
2021-07-29 12:43:50pm: Command And Valve Status :1,2,2,2,2,2,2,2,2,2,0,2,2,2,2,2,2,2,2,2,2
2021-07-29 12:43:55pm: Command And Valve Status :1,2,2,2,2,2,2,2,2,2,0,2,2,2,2,2,2,2,2,2,2
2021-07-29 12:44:01pm: Command And Valve Status :1,2,2,2,2,2,2,2,2,2,0,2,2,2,2,2,2,2,2,2,2
2021-07-29 12:44:06pm: Command And Valve Status :1,2,2,2,2,2,2,2,2,2,0,2,2,2,2,2,2,2,2,2,2
2021-07-29 12:44:11pm: Command And Valve Status :1,2,2,2,2,2,2,2,2,2,0,2,2,2,2,2,2,2,2,2,2
2021-07-29 12:44:16pm: Command And Valve Status :1,2,2,2,2,2,2,2,2,2,0,2,2,2,2,2,2,2,2,2,2
2021-07-29 12:44:22pm: Command And Valve Status :1,2,2,2,2,2,2,2,2,2,0,2,2,2,2,2,2,2,2,2,2
2021-07-29 12:44:27pm: Command And Valve Status :1,2,2,2,2,2,2,2,2,2,0,2,2,2,2,2,2,2,2,2,2
2021-07-29 12:44:32pm: Command And Valve Status :1,2,2,2,2,2,2,2,2,2,0,2,2,2,2,2,2,2,2,2,2
2021-07-29 12:44:38pm: Command And Valve Status :1,2,2,2,2,2,2,2,2,2,0,2,2,2,2,2,2,2,2,2,2
2021-07-29 12:44:43pm: Command And Valve Status :1,2,2,2,2,2,2,2,2,2,0,2,2,2,2,2,2,2,2,2,2
2021-07-29 12:44:48pm: Command And Valve Status :1,2,2,2,2,2,2,2,2,2,0,2,2,2,2,2,2,2,2,2,2
2021-07-29 12:44:54pm: Command And Valve Status :1,2,2,2,2,2,2,2,2,2,0,2,2,2,2,2,2,2,2,2,2
2021-07-29 12:44:59pm: Command And Valve Status :1,2,2,2,2,2,2,2,2,2,0,2,2,2,2,2,2,2,2,2,2
2021-07-29 12:45:04pm: Command And Valve Status :1,2,2,2,2,2,2,2,2,2,0,2,2,2,2,2,2,2,2,2,2
2021-07-29 12:45:09pm: Command And Valve Status :1,2,2,2,2,2,2,2,2,2,0,2,2,2,2,2,2,2,2,2,2
2021-07-29 12:45:15pm: Command And Valve Status :1,2,2,2,2,2,2,2,2,2,0,2,2,2,2,2,2,2,2,2,2
2021-07-29 12:45:20pm: Command And Valve Status :1,2,2,2,2,2,2,2,2,2,0,2,2,2,2,2,2,2,2,2,2
2021-07-29 12:45:25pm: Command And Valve Status :1,2,2,2,2,2,2,2,2,2,0,2,2,2,2,2,2,2,2,2,2
2021-07-29 12:45:31pm: Command And Valve Status :1,2,2,2,2,2,2,2,2,2,0,2,2,2,2,2,2,2,2,2,2
2021-07-29 12:45:36pm: Command And Valve Status :1,2,2,2,2,2,2,2,2,2,0,2,2,2,2,2,2,2,2,2,2
2021-07-29 12:45:41pm: Command And Valve Status :1,2,2,2,2,2,2,2,2,2,0,2,2,2,2,2,2,2,2,2,2
2021-07-29 12:45:47pm: Command And Valve Status :1,2,2,2,2,2,2,2,2,2,0,2,2,2,2,2,2,2,2,2,2
2021-07-29 12:45:52pm: Command And Valve Status :1,2,2,2,2,2,2,2,2,2,0,2,2,2,2,2,2,2,2,2,2
2021-07-29 12:45:57pm: Command And Valve Status :1,2,2,2,2,2,2,2,2,2,0,2,2,2,2,2,2,2,2,2,2
2021-07-29 12:46:02pm: Command And Valve Status :1,2,2,2,2,2,2,2,2,2,0,2,2,2,2,2,2,2,2,2,2
2021-07-29 12:46:08pm: Command And Valve Status :1,2,2,2,2,2,2,2,2,2,0,2,2,2,2,2,2,2,2,2,2
2021-07-29 12:46:13pm: Command And Valve Status :1,2,2,2,2,2,2,2,2,2,0,2,2,2,2,2,2,2,2,2,2
2021-07-29 12:46:18pm: Command And Valve Status :1,2,2,2,2,2,2,2,2,2,0,2,2,2,2,2,2,2,2,2,2
2021-07-29 12:46:24pm: Command And Valve Status :1,2,2,2,2,2,2,2,2,2,0,2,2,2,2,2,2,2,2,2,2
2021-07-29 12:46:29pm: Command And Valve Status :1,2,2,2,2,2,2,2,2,2,0,2,2,2,2,2,2,2,2,2,2
2021-07-29 12:46:34pm: Command And Valve Status :1,2,2,2,2,2,2,2,2,2,0,2,2,2,2,2,2,2,2,2,2
2021-07-29 12:46:40pm: Command And Valve Status :1,2,2,2,2,2,2,2,2,2,0,2,2,2,2,2,2,2,2,2,2
2021-07-29 12:46:45pm: Command And Valve Status :1,2,2,2,2,2,2,2,2,2,0,2,2,2,2,2,2,2,2,2,2
2021-07-29 12:46:50pm: Command And Valve Status :1,2,2,2,2,2,2,2,2,2,0,2,2,2,2,2,2,2,2,2,2
2021-07-29 12:46:56pm: Command And Valve Status :1,2,2,2,2,2,2,2,2,2,0,2,2,2,2,2,2,2,2,2,2
2021-07-29 12:47:01pm: Command And Valve Status :1,2,2,2,2,2,2,2,2,2,0,2,2,2,2,2,2,2,2,2,2
2021-07-29 12:47:06pm: Command And Valve Status :1,2,2,2,2,2,2,2,2,2,0,2,2,2,2,2,2,2,2,2,2
2021-07-29 12:47:12pm: Command And Valve Status :1,2,2,2,2,2,2,2,2,2,0,2,2,2,2,2,2,2,2,2,2
2021-07-29 12:47:17pm: Command And Valve Status :1,2,2,2,2,2,2,2,2,2,0,2,2,2,2,2,2,2,2,2,2
2021-07-29 12:47:22pm: Command And Valve Status :1,2,2,2,2,2,2,2,2,2,0,2,2,2,2,2,2,2,2,2,2
2021-07-29 12:47:27pm: Command And Valve Status :1,2,2,2,2,2,2,2,2,2,0,2,2,2,2,2,2,2,2,2,2
2021-07-29 12:47:33pm: Command And Valve Status :1,2,2,2,2,2,2,2,2,2,0,2,2,2,2,2,2,2,2,2,2
2021-07-29 12:47:38pm: Command And Valve Status :1,2,2,2,2,2,2,2,2,2,0,2,2,2,2,2,2,2,2,2,2
2021-07-29 12:47:42pm: Initialize (Code to PLC) : Started
2021-07-29 12:47:43pm: Command And Valve Status :1,2,2,2,2,2,2,2,2,2,0,2,2,2,2,2,2,2,2,2,2
2021-07-29 12:47:49pm: Command And Valve Status :1,2,2,2,2,2,2,2,2,2,0,2,2,2,2,2,2,2,2,2,2
2021-07-29 12:47:54pm: Command And Valve Status :1,2,2,2,2,2,2,2,2,2,0,2,2,2,2,2,2,2,2,2,2
2021-07-29 12:47:59pm: Command And Valve Status :1,2,2,2,2,2,2,2,2,2,0,2,2,2,2,2,2,2,2,2,2
2021-07-29 12:48:05pm: Command And Valve Status :1,2,2,2,2,2,2,2,2,2,0,2,2,2,2,2,2,2,2,2,2
2021-07-29 12:48:10pm: Command And Valve Status :1,2,2,2,2,2,2,2,2,2,0,2,2,2,2,2,2,2,2,2,2
2021-07-29 12:48:15pm: Command And Valve Status :1,2,2,2,2,2,2,2,2,2,0,2,2,2,2,2,2,2,2,2,2
2021-07-29 12:48:20pm: Command And Valve Status :1,2,2,2,2,2,2,2,2,2,0,2,2,2,2,2,2,2,2,2,2
2021-07-29 12:48:26pm: Command And Valve Status :1,2,2,2,2,2,2,2,2,2,0,2,2,2,2,2,2,2,2,2,2
2021-07-29 12:48:31pm: Command And Valve Status :1,2,2,2,2,2,2,2,2,2,0,2,2,2,2,2,2,2,2,2,2
2021-07-29 12:48:36pm: Command And Valve Status :1,2,2,2,2,2,2,2,2,2,0,2,2,2,2,2,2,2,2,2,2
2021-07-29 12:48:42pm: Command And Valve Status :1,2,2,2,2,2,2,2,2,2,0,2,2,2,2,2,2,2,2,2,2
2021-07-29 12:48:47pm: Command And Valve Status :1,2,2,2,2,2,2,2,2,2,0,2,2,2,2,2,2,2,2,2,2
2021-07-29 12:48:52pm: Command And Valve Status :1,2,2,2,2,2,2,2,2,2,0,2,2,2,2,2,2,2,2,2,2
2021-07-29 12:48:57pm: Start (PLC TO DB) : Started
2021-07-29 12:48:57pm: Sensor data :50000,700,650,300,31,120,32,1.7,9,1.9,3,1.1,1.8,170,1.3
2021-07-29 12:48:58pm: Command And Valve Status :2,1,2,2,2,2,2,2,2,2,0,2,2,2,2,2,2,2,2,2,2
2021-07-29 12:49:02pm: Sensor data :32000,900,800,500,38,160,26,1.2,7,1.5,1,0.9,1.6,150,1.1
2021-07-29 12:49:03pm: Command And Valve Status :2,1,2,2,2,2,2,2,2,2,0,2,2,2,2,2,2,2,2,2,1
2021-07-29 12:49:07pm: Sensor data :200000,900,800,500,38,160,26,1.7,9,1.9,3,1.1,1.8,170,1.3
2021-07-29 12:49:08pm: Command And Valve Status :2,1,2,2,2,2,2,2,2,2,0,2,2,2,2,2,2,2,2,1,1
2021-07-29 12:49:12pm: Sensor data :32000,800,700,400,35,140,34,1.7,9,1.9,3,1.1,1.8,170,1.3
2021-07-29 12:49:14pm: Command And Valve Status :2,1,2,2,2,2,2,2,2,2,0,2,2,2,2,2,1,2,2,1,1
2021-07-29 12:49:17pm: Sensor data :32000,700,650,300,31,120,32,1.2,7,1.5,1,0.9,1.6,150,1.1
2021-07-29 12:49:19pm: Command And Valve Status :2,1,2,1,1,2,2,2,2,2,0,2,2,1,2,2,1,2,1,1,1
2021-07-29 12:49:22pm: Sensor data :200000,800,700,400,35,140,34,1.7,9,1.9,3,1.1,1.8,170,1.3
2021-07-29 12:49:24pm: Command And Valve Status :2,1,2,1,1,2,2,2,2,2,0,2,2,1,2,2,1,2,1,1,1
2021-07-29 12:49:28pm: Sensor data :32000,800,700,400,35,140,34,1.2,7,1.5,1,0.9,1.6,150,1.1
2021-07-29 12:49:30pm: Command And Valve Status :2,1,2,1,1,2,2,2,2,2,0,2,2,1,2,2,1,2,1,1,1
2021-07-29 12:49:33pm: Sensor data :200000,700,650,300,31,120,32,1.7,9,1.9,3,1.1,1.8,170,1.3
2021-07-29 12:49:35pm: Command And Valve Status :2,1,2,1,1,2,2,2,2,2,0,2,2,1,2,2,1,2,1,1,1
2021-07-29 12:49:38pm: Sensor data :32000,900,800,500,38,160,26,1.6,8,1.8,2.2,1,1.7,160,1.2
2021-07-29 12:49:43pm: Sensor data :32000,700,650,300,31,120,32,1.7,9,1.9,3,1.1,1.8,170,1.3
2021-07-29 12:49:49pm: Sensor data :50000,700,650,300,31,120,32,1.7,9,1.9,3,1.1,1.8,170,1.3
2021-07-29 12:49:54pm: Sensor data :200000,900,800,500,38,160,26,1.2,7,1.5,1,0.9,1.6,150,1.1
2021-07-29 12:49:59pm: Sensor data :50000,900,800,500,38,160,26,1.7,9,1.9,3,1.1,1.8,170,1.3
2021-07-29 12:50:04pm: Sensor data :32000,900,800,500,38,160,26,1.6,8,1.8,2.2,1,1.7,160,1.2
2021-07-29 12:50:09pm: Sensor data :50000,700,650,300,31,120,32,1.6,8,1.8,2.2,1,1.7,160,1.2
2021-07-29 12:50:15pm: Sensor data :200000,800,700,400,35,140,34,1.6,8,1.8,2.2,1,1.7,160,1.2
2021-07-29 12:50:20pm: Sensor data :200000,800,700,400,35,140,34,1.6,8,1.8,2.2,1,1.7,160,1.2
2021-07-29 12:50:25pm: Sensor data :50000,900,800,500,38,160,26,1.2,7,1.5,1,0.9,1.6,150,1.1
2021-07-29 12:50:30pm: Sensor data :200000,900,800,500,38,160,26,1.2,7,1.5,1,0.9,1.6,150,1.1
2021-07-29 12:50:35pm: Sensor data :200000,800,700,400,35,140,34,1.6,8,1.8,2.2,1,1.7,160,1.2
2021-07-29 12:50:40pm: Sensor data :200000,700,650,300,31,120,32,1.2,7,1.5,1,0.9,1.6,150,1.1
2021-07-29 12:50:45pm: Sensor data :50000,700,650,300,31,120,32,1.2,7,1.5,1,0.9,1.6,150,1.1
2021-07-29 12:50:51pm: Sensor data :50000,700,650,300,31,120,32,1.7,9,1.9,3,1.1,1.8,170,1.3
2021-07-29 12:50:56pm: Sensor data :50000,900,800,500,38,160,26,1.2,7,1.5,1,0.9,1.6,150,1.1
2021-07-29 12:51:01pm: Sensor data :50000,700,650,300,31,120,32,1.2,7,1.5,1,0.9,1.6,150,1.1
2021-07-29 12:51:06pm: Sensor data :32000,700,650,300,31,120,32,1.7,9,1.9,3,1.1,1.8,170,1.3
2021-07-29 12:51:11pm: Sensor data :32000,700,650,300,31,120,32,1.6,8,1.8,2.2,1,1.7,160,1.2
2021-07-29 12:51:16pm: Sensor data :200000,700,650,300,31,120,32,1.7,9,1.9,3,1.1,1.8,170,1.3
2021-07-29 12:51:22pm: Sensor data :50000,800,700,400,35,140,34,1.6,8,1.8,2.2,1,1.7,160,1.2
2021-07-29 12:51:27pm: Sensor data :32000,700,650,300,31,120,32,1.2,7,1.5,1,0.9,1.6,150,1.1
2021-07-29 12:51:32pm: Sensor data :32000,800,700,400,35,140,34,1.7,9,1.9,3,1.1,1.8,170,1.3
2021-07-29 12:51:37pm: Sensor data :32000,900,800,500,38,160,26,1.6,8,1.8,2.2,1,1.7,160,1.2
2021-07-29 12:51:42pm: Sensor data :32000,800,700,400,35,140,34,1.2,7,1.5,1,0.9,1.6,150,1.1
2021-07-29 12:51:47pm: Sensor data :50000,800,700,400,35,140,34,1.6,8,1.8,2.2,1,1.7,160,1.2
2021-07-29 12:51:53pm: Sensor data :50000,800,700,400,35,140,34,1.7,9,1.9,3,1.1,1.8,170,1.3
2021-07-29 12:51:58pm: Sensor data :50000,700,650,300,31,120,32,1.2,7,1.5,1,0.9,1.6,150,1.1
2021-07-29 12:52:03pm: Sensor data :200000,900,800,500,38,160,26,1.7,9,1.9,3,1.1,1.8,170,1.3
2021-07-29 12:52:47pm: Initialize (Code to PLC) : Started
2021-07-29 12:52:48pm: Initialize (PLC to Code) : Started
2021-07-29 12:52:48pm: Command And Valve Status :1,2,2,2,2,2,2,2,2,2,0,2,2,2,2,2,2,2,2,2,2
2021-07-29 12:52:53pm: Command And Valve Status :1,2,2,2,2,2,2,2,2,2,0,2,2,2,2,2,2,2,2,2,2
2021-07-29 12:52:56pm: Start (PLC TO DB) : Started
2021-07-29 12:52:56pm: Sensor data :50000,900,800,500,38,160,26,1.2,7,1.5,1,0.9,1.6,150,1.1
2021-07-29 12:52:59pm: Command And Valve Status :2,1,2,2,2,2,2,2,2,2,0,2,2,2,2,2,2,2,2,2,2
2021-07-29 12:53:01pm: Sensor data :32000,900,800,500,38,160,26,1.6,8,1.8,2.2,1,1.7,160,1.2
2021-07-29 12:53:04pm: Command And Valve Status :2,1,2,2,2,2,2,2,2,2,0,2,2,2,2,2,2,2,2,2,1
2021-07-29 12:53:07pm: Sensor data :50000,900,800,500,38,160,26,1.7,9,1.9,3,1.1,1.8,170,1.3
2021-07-29 12:53:09pm: Command And Valve Status :2,1,2,2,2,2,2,2,2,2,0,2,2,2,2,2,2,2,2,1,1
2021-07-29 12:53:12pm: Sensor data :50000,700,650,300,31,120,32,1.7,9,1.9,3,1.1,1.8,170,1.3
2021-07-29 12:53:15pm: Command And Valve Status :2,1,2,2,2,2,2,2,2,2,0,2,2,2,2,2,1,2,2,1,1
2021-07-29 12:53:17pm: Sensor data :200000,900,800,500,38,160,26,1.2,7,1.5,1,0.9,1.6,150,1.1
2021-07-29 12:53:20pm: Command And Valve Status :2,1,2,1,1,2,2,2,2,2,0,2,2,1,2,2,1,2,1,1,1
2021-07-29 12:53:22pm: Sensor data :200000,800,700,400,35,140,34,1.7,9,1.9,3,1.1,1.8,170,1.3
2021-07-29 12:53:25pm: Command And Valve Status :2,1,2,1,1,2,2,2,2,2,0,2,2,1,2,2,1,2,1,1,1
2021-07-29 12:53:27pm: Sensor data :200000,700,650,300,31,120,32,1.2,7,1.5,1,0.9,1.6,150,1.1
2021-07-29 12:53:31pm: Command And Valve Status :2,1,2,1,1,2,2,2,2,2,0,2,2,1,2,2,1,2,1,1,1
2021-07-29 12:53:32pm: Sensor data :200000,700,650,300,31,120,32,1.7,9,1.9,3,1.1,1.8,170,1.3
2021-07-29 12:53:36pm: Command And Valve Status :2,1,2,1,1,2,2,2,2,2,0,2,2,1,2,2,1,2,1,1,1
2021-07-29 12:53:38pm: Sensor data :32000,900,800,500,38,160,26,1.2,7,1.5,1,0.9,1.6,150,1.1
2021-07-29 12:53:41pm: Command And Valve Status :2,1,2,1,1,2,2,2,2,2,0,2,2,1,2,2,1,2,1,1,1
2021-07-29 12:53:43pm: Sensor data :200000,800,700,400,35,140,34,1.7,9,1.9,3,1.1,1.8,170,1.3
2021-07-29 12:53:46pm: Command And Valve Status :2,1,2,1,1,2,2,2,2,2,0,2,2,1,2,2,1,2,1,1,1
2021-07-29 12:53:48pm: Sensor data :50000,700,650,300,31,120,32,1.2,7,1.5,1,0.9,1.6,150,1.1
2021-07-29 12:53:52pm: Command And Valve Status :2,1,2,1,1,2,2,2,2,2,0,2,2,1,2,2,1,2,1,1,1
2021-07-29 12:53:53pm: Sensor data :50000,700,650,300,31,120,32,1.2,7,1.5,1,0.9,1.6,150,1.1
2021-07-29 12:53:57pm: Command And Valve Status :2,1,2,1,1,2,2,2,2,2,0,2,2,1,2,2,1,2,1,1,1
2021-07-29 12:53:58pm: Sensor data :200000,900,800,500,38,160,26,1.6,8,1.8,2.2,1,1.7,160,1.2
2021-07-29 12:54:02pm: Command And Valve Status :2,1,2,1,1,2,2,2,2,2,0,2,2,1,2,2,1,2,1,1,1
2021-07-29 12:54:03pm: Sensor data :200000,800,700,400,35,140,34,1.6,8,1.8,2.2,1,1.7,160,1.2
2021-07-29 12:54:08pm: Command And Valve Status :2,1,2,1,1,2,2,2,2,2,0,2,2,1,2,2,1,2,1,1,1
2021-07-29 12:54:09pm: Sensor data :32000,800,800,500,38,160,26,1.2,8,1.8,2.2,1,1.7,160,1.2
2021-07-29 12:54:13pm: Command And Valve Status :2,1,2,1,1,2,2,2,2,2,0,2,2,1,2,2,1,2,1,1,1
2021-07-29 12:54:14pm: Sensor data :50000,800,700,400,35,140,34,1.7,9,1.9,3,1.1,1.8,170,1.3
2021-07-29 12:54:18pm: Command And Valve Status :2,1,2,1,1,1,2,2,2,2,0,2,2,1,2,2,1,2,1,1,1
2021-07-29 12:54:19pm: Sensor data :32000,800,700,400,35,140,34,1.6,8,1.8,2.2,1,1.7,160,1.2
2021-07-29 12:54:24pm: Command And Valve Status :2,1,2,1,1,1,1,2,2,2,0,2,2,1,1,1,1,2,1,1,1
2021-07-29 12:54:24pm: Sensor data :50000,900,800,500,38,160,26,1.7,9,1.9,3,1.1,1.8,170,1.3
2021-07-29 12:54:29pm: Command And Valve Status :2,1,2,1,1,1,1,1,2,2,0,2,2,1,1,1,1,2,1,1,1
2021-07-29 12:54:29pm: Sensor data :32000,700,650,300,31,120,32,1.2,7,1.5,1,0.9,1.6,150,1.1
2021-07-29 12:54:34pm: Command And Valve Status :2,1,2,1,1,1,1,1,2,1,0,2,2,1,1,1,1,2,1,1,1
2021-07-29 12:54:35pm: Sensor data :50000,900,800,500,38,160,26,1.6,8,1.8,2.2,1,1.7,160,1.2
2021-07-29 12:54:40pm: Sensor data :32000,700,650,300,31,120,32,1.7,9,1.9,3,1.1,1.8,170,1.3
2021-07-29 12:54:40pm: Command And Valve Status :2,1,2,1,1,1,1,1,1,1,0,2,2,1,1,1,1,1,1,1,1
2021-07-29 12:54:45pm: Sensor data :32000,900,800,500,38,160,26,1.7,9,1.9,3,1.1,1.8,170,1.3
2021-07-29 12:54:45pm: Command And Valve Status :2,1,2,1,1,1,1,1,1,1,0,2,2,1,1,1,1,1,1,1,1
2021-07-29 12:54:50pm: Sensor data :32000,800,700,400,35,140,34,1.6,8,1.8,2.2,1,1.7,160,1.2
2021-07-29 12:54:51pm: Command And Valve Status :2,1,2,1,1,1,1,1,1,1,0,2,2,1,1,1,1,1,1,1,1
2021-07-29 12:54:55pm: Sensor data :200000,700,650,300,31,120,32,1.6,8,1.8,2.2,1,1.7,160,1.2
2021-07-29 12:54:56pm: Command And Valve Status :2,1,2,1,1,1,1,1,1,1,0,2,2,1,1,1,1,1,1,1,1
2021-07-29 12:55:00pm: Sensor data :200000,900,800,500,38,160,26,1.6,8,1.8,2.2,1,1.7,160,1.2
2021-07-29 12:55:01pm: Command And Valve Status :2,1,2,1,1,1,1,1,1,1,0,2,2,1,1,1,1,1,1,1,1
2021-07-29 12:55:05pm: Sensor data :50000,700,650,300,31,120,32,1.2,7,1.5,1,0.9,1.6,150,1.1
2021-07-29 12:55:06pm: Command And Valve Status :2,1,2,1,1,1,1,1,1,1,0,2,2,1,1,1,1,1,1,1,1
2021-07-29 12:55:11pm: Sensor data :50000,700,650,300,31,120,32,1.7,9,1.9,3,1.1,1.8,170,1.3
2021-07-29 12:55:12pm: Command And Valve Status :2,1,2,1,1,1,1,1,1,1,0,2,2,1,1,1,1,1,1,1,1
2021-07-29 12:55:16pm: Sensor data :50000,800,700,400,35,140,34,1.7,9,1.9,3,1.1,1.8,170,1.3
2021-07-29 12:55:17pm: Command And Valve Status :2,1,2,1,1,1,1,1,1,1,0,2,2,1,1,1,1,1,1,1,1
2021-07-29 12:55:21pm: Sensor data :32000,800,700,400,35,140,34,1.6,8,1.8,2.2,1,1.7,160,1.2
2021-07-29 12:55:22pm: Command And Valve Status :2,1,2,1,1,1,1,1,1,1,0,2,2,1,1,1,1,1,1,1,1
2021-07-29 12:55:26pm: Sensor data :200000,900,800,500,38,160,26,1.2,7,1.5,1,0.9,1.6,150,1.1
2021-07-29 12:55:28pm: Command And Valve Status :2,1,2,1,1,1,1,1,1,1,0,2,2,1,1,1,1,1,1,1,1
2021-07-29 12:55:31pm: Sensor data :32000,900,800,500,38,160,26,1.2,7,1.5,1,0.9,1.6,150,1.1
2021-07-29 12:55:33pm: Command And Valve Status :2,1,2,1,1,1,1,1,1,1,0,2,2,1,1,1,1,1,1,1,1
2021-07-29 12:55:36pm: Sensor data :200000,800,700,400,35,140,34,1.6,8,1.8,2.2,1,1.7,160,1.2
2021-07-29 12:55:38pm: Command And Valve Status :2,1,2,1,1,1,1,1,1,1,0,2,2,1,1,1,1,1,1,1,1
2021-07-29 12:55:41pm: Sensor data :200000,800,700,400,35,140,34,1.6,8,1.8,2.2,1,1.7,160,1.2
2021-07-29 12:55:44pm: Command And Valve Status :2,1,2,1,1,1,1,1,1,1,0,2,2,1,1,1,1,1,1,1,1
2021-07-29 12:55:47pm: Sensor data :32000,700,650,300,31,120,32,1.7,9,1.9,3,1.1,1.8,170,1.3
2021-07-29 12:55:49pm: Command And Valve Status :2,1,2,1,1,1,1,1,1,1,0,2,2,1,1,1,1,1,1,1,1
2021-07-29 12:55:52pm: Sensor data :200000,900,800,500,38,160,26,1.6,8,1.8,2.2,1,1.7,160,1.2
2021-07-29 12:55:54pm: Command And Valve Status :2,1,2,1,1,1,1,1,1,1,0,2,2,1,1,1,1,1,1,1,1
2021-07-29 12:55:57pm: Sensor data :32000,900,800,500,38,160,26,1.2,7,1.5,1,0.9,1.6,150,1.1
2021-07-29 12:55:59pm: Command And Valve Status :2,1,2,1,1,1,1,1,1,1,0,2,2,1,1,1,1,1,1,1,1
2021-07-29 12:56:02pm: Sensor data :50000,900,800,500,38,160,26,1.6,8,1.8,2.2,1,1.7,160,1.2
2021-07-29 12:56:05pm: Command And Valve Status :2,1,2,1,1,1,1,1,1,1,0,2,2,1,1,1,1,1,1,1,1
2021-07-29 12:56:07pm: Sensor data :32000,900,800,500,38,160,26,1.2,7,1.5,1,0.9,1.6,150,1.1
2021-07-29 12:56:10pm: Command And Valve Status :2,1,2,1,1,1,1,1,1,1,0,2,2,1,1,1,1,1,1,1,1
2021-07-29 12:56:13pm: Sensor data :50000,800,700,400,35,140,34,1.7,9,1.9,3,1.1,1.8,170,1.3
2021-07-29 12:56:15pm: Command And Valve Status :2,1,2,1,1,1,1,1,1,1,0,2,2,1,1,1,1,1,1,1,1
2021-07-29 12:56:18pm: Sensor data :32000,900,800,500,38,160,26,1.2,7,1.5,1,0.9,1.6,150,1.1
2021-07-29 12:56:21pm: Command And Valve Status :2,1,2,1,1,1,1,1,1,1,0,2,2,1,1,1,1,1,1,1,1
2021-07-29 12:56:23pm: Sensor data :32000,800,700,400,35,140,34,1.7,9,1.9,3,1.1,1.8,170,1.3
2021-07-29 12:56:26pm: Command And Valve Status :2,1,2,1,1,1,1,1,1,1,0,2,2,1,1,1,1,1,1,1,1
2021-07-29 12:56:28pm: Sensor data :50000,900,650,300,31,120,32,1.7,7,1.5,1,0.9,1.6,150,1.1
2021-07-29 12:56:31pm: Command And Valve Status :2,1,2,1,1,1,1,1,1,1,0,2,2,1,1,1,1,1,1,1,1
2021-07-29 12:56:33pm: Sensor data :32000,800,700,400,35,140,34,1.6,8,1.8,2.2,1,1.7,160,1.2
2021-07-29 12:56:37pm: Command And Valve Status :2,1,2,1,1,1,1,1,1,1,0,2,2,1,1,1,1,1,1,1,1
2021-07-29 12:56:38pm: Sensor data :200000,700,650,300,31,120,32,1.2,7,1.5,1,0.9,1.6,150,1.1
2021-07-29 12:56:42pm: Command And Valve Status :2,1,2,1,1,1,1,1,1,1,0,2,2,1,1,1,1,1,1,1,1
2021-07-29 12:56:44pm: Sensor data :32000,700,650,300,31,120,32,1.2,7,1.5,1,0.9,1.6,150,1.1
2021-07-29 12:56:47pm: Command And Valve Status :2,1,2,1,1,1,1,1,1,1,0,2,2,1,1,1,1,1,1,1,1
2021-07-29 12:56:49pm: Sensor data :200000,800,700,400,35,140,34,1.6,8,1.8,2.2,1,1.7,160,1.2
2021-07-29 12:56:53pm: Command And Valve Status :2,1,2,1,1,1,1,1,1,1,0,2,2,1,1,1,1,1,1,1,1
2021-07-29 12:56:54pm: Sensor data :200000,900,800,500,38,160,26,1.2,7,1.5,1,0.9,1.6,150,1.1
2021-07-29 12:56:58pm: Command And Valve Status :2,1,2,1,1,1,1,1,1,1,0,2,2,1,1,1,1,1,1,1,1
2021-07-29 12:56:59pm: Sensor data :32000,900,800,500,38,160,26,1.6,8,1.8,2.2,1,1.7,160,1.2
2021-07-29 12:57:03pm: Command And Valve Status :2,1,2,1,1,1,1,1,1,1,0,2,2,1,1,1,1,1,1,1,1
2021-07-29 12:57:04pm: Sensor data :50000,700,650,300,31,120,32,1.6,8,1.8,2.2,1,1.7,160,1.2
2021-07-29 12:57:08pm: Command And Valve Status :2,1,2,1,1,1,1,1,1,1,0,2,2,1,1,1,1,1,1,1,1
2021-07-29 12:57:09pm: Sensor data :50000,800,700,400,35,140,34,1.7,9,1.9,3,1.1,1.8,170,1.3
2021-07-29 12:57:14pm: Command And Valve Status :2,1,2,1,1,1,1,1,1,1,0,2,2,1,1,1,1,1,1,1,1
2021-07-29 12:57:15pm: Sensor data :200000,700,650,300,31,120,32,1.2,7,1.5,1,0.9,1.6,150,1.1
2021-07-29 12:57:19pm: Command And Valve Status :2,1,2,1,1,1,1,1,1,1,0,2,2,1,1,1,1,1,1,1,1
2021-07-29 12:57:20pm: Sensor data :200000,900,800,500,38,160,26,1.7,9,1.9,3,1.1,1.8,170,1.3
2021-07-29 12:57:24pm: Command And Valve Status :2,1,2,1,1,1,1,1,1,1,0,2,2,1,1,1,1,1,1,1,1
2021-07-29 12:57:25pm: Sensor data :50000,800,700,400,35,140,34,1.6,8,1.8,2.2,1,1.7,160,1.2
2021-07-29 12:57:30pm: Command And Valve Status :2,1,2,1,1,1,1,1,1,1,0,2,2,1,1,1,1,1,1,1,1
2021-07-29 12:57:30pm: Sensor data :200000,900,800,500,38,160,26,1.7,9,1.9,3,1.1,1.8,170,1.3
2021-07-29 12:57:35pm: Command And Valve Status :2,1,2,1,1,1,1,1,1,1,0,2,2,1,1,1,1,1,1,1,1
2021-07-29 12:57:35pm: Sensor data :32000,900,800,500,38,160,26,1.2,7,1.5,1,0.9,1.6,150,1.1
2021-07-29 12:57:40pm: Sensor data :50000,900,800,500,38,160,26,1.7,9,1.9,3,1.1,1.8,170,1.3
2021-07-29 12:57:40pm: Command And Valve Status :2,1,2,1,1,1,1,1,1,1,0,2,2,1,1,1,1,1,1,1,1
2021-07-29 12:57:45pm: Sensor data :200000,800,700,400,35,140,34,1.6,8,1.8,2.2,1,1.7,160,1.2
2021-07-29 12:57:46pm: Command And Valve Status :2,1,2,1,1,1,1,1,1,1,0,2,2,1,1,1,1,1,1,1,1
2021-07-29 12:57:46pm: Reset : Started
2021-07-29 12:57:51pm: Sensor data :50000,900,800,500,38,160,26,1.2,7,1.5,1,0.9,1.6,150,1.1
2021-07-29 12:57:51pm: Command And Valve Status :2,1,2,1,1,1,1,1,1,1,0,2,2,1,1,1,1,1,1,1,1
2021-07-29 12:57:56pm: Sensor data :32000,700,650,300,31,120,32,1.7,9,1.9,3,1.1,1.8,170,1.3
2021-07-29 12:57:56pm: Command And Valve Status :2,1,2,1,1,1,1,1,1,1,0,2,2,1,1,1,1,1,1,1,1
2021-07-29 12:58:01pm: Sensor data :50000,800,700,400,35,140,34,1.2,7,1.5,1,0.9,1.6,150,1.1
2021-07-29 12:58:02pm: Command And Valve Status :2,1,2,1,1,1,1,1,1,1,0,2,2,1,1,1,1,1,1,1,1
2021-07-29 12:58:06pm: Sensor data :200000,700,650,300,31,120,32,1.7,9,1.9,3,1.1,1.8,170,1.3
2021-07-29 12:58:07pm: Command And Valve Status :2,1,2,1,1,1,1,1,1,1,0,2,2,1,1,1,1,1,1,1,1
2021-07-29 12:58:11pm: Sensor data :200000,900,800,500,38,160,26,1.2,7,1.5,1,0.9,1.6,150,1.1
2021-07-29 12:58:12pm: Command And Valve Status :2,1,2,1,1,1,1,1,1,1,0,2,2,1,1,1,1,1,1,1,1
2021-07-29 12:58:16pm: Sensor data :32000,700,650,300,31,120,32,1.2,7,1.5,1,0.9,1.6,150,1.1
2021-07-29 12:58:17pm: Command And Valve Status :2,1,2,1,1,1,1,1,1,1,0,2,2,1,1,1,1,1,1,1,1
2021-07-29 12:58:21pm: Sensor data :200000,700,650,300,31,120,32,1.7,9,1.9,3,1.1,1.8,170,1.3
2021-07-29 12:58:23pm: Command And Valve Status :2,1,2,1,1,1,1,1,1,1,0,2,2,1,1,1,1,1,1,1,1
2021-07-29 12:58:26pm: Sensor data :32000,700,650,300,31,120,32,1.6,8,1.8,2.2,1,1.7,160,1.2
2021-07-29 12:58:28pm: Command And Valve Status :2,1,2,1,1,1,1,1,1,1,0,2,2,1,1,1,1,1,1,1,1
2021-07-29 12:58:32pm: Sensor data :50000,700,650,300,31,120,32,1.6,8,1.8,2.2,1,1.7,160,1.2
2021-07-29 12:58:33pm: Command And Valve Status :2,1,2,1,1,1,1,1,1,1,0,2,2,1,1,1,1,1,1,1,1
2021-07-29 12:58:37pm: Sensor data :50000,800,700,400,35,140,34,1.7,9,1.9,3,1.1,1.8,170,1.3
2021-07-29 12:58:39pm: Command And Valve Status :2,1,2,1,1,1,1,1,1,1,0,2,2,1,1,1,1,1,1,1,1
2021-07-29 12:58:42pm: Sensor data :32000,800,700,400,35,140,34,1.6,8,1.8,2.2,1,1.7,160,1.2
2021-07-29 12:58:44pm: Command And Valve Status :2,1,2,1,1,1,1,1,1,1,0,2,2,1,1,1,1,1,1,1,1
2021-07-29 12:58:47pm: Sensor data :32000,800,700,400,35,140,34,1.6,8,1.8,2.2,1,1.7,160,1.2
2021-07-29 02:06:46pm: Initialize (Code to PLC) : Started
2021-07-29 02:06:47pm: Initialize (PLC to Code) : Started
2021-07-29 02:06:47pm: Command And Valve Status :1,2,2,2,2,2,2,2,2,2,0,2,2,2,2,2,2,2,2,2,2
2021-07-29 02:06:51pm: Start (PLC TO DB) : Started
2021-07-29 02:06:51pm: Sensor data :32000,900,800,500,38,160,26,1.2,7,1.5,1,0.9,1.6,150,1.1
2021-07-29 02:06:53pm: Command And Valve Status :2,1,2,2,2,2,2,2,2,2,0,2,2,2,2,2,2,2,2,2,2
2021-07-29 02:06:56pm: Sensor data :32000,700,650,300,31,120,32,1.7,9,1.9,3,1.1,1.8,170,1.3
2021-07-29 02:06:58pm: Command And Valve Status :2,1,2,2,2,2,2,2,2,2,0,2,2,2,2,2,2,2,2,2,1
2021-07-29 02:07:02pm: Sensor data :32000,700,650,300,31,120,32,1.2,7,1.5,1,0.9,1.6,150,1.1
2021-07-29 02:07:03pm: Command And Valve Status :2,1,2,2,2,2,2,2,2,2,0,2,2,2,2,2,2,2,2,1,1
2021-07-29 02:07:07pm: Sensor data :200000,800,700,400,35,140,34,1.7,9,1.9,3,1.1,1.8,170,1.3
2021-07-29 02:07:08pm: Command And Valve Status :2,1,2,2,2,2,2,2,2,2,0,2,2,2,2,2,1,2,2,1,1
2021-07-29 02:07:12pm: Sensor data :200000,800,700,400,35,140,34,1.7,9,1.9,3,1.1,1.8,170,1.3
2021-07-29 02:07:14pm: Command And Valve Status :2,1,2,1,1,2,2,2,2,2,0,2,2,1,2,2,1,2,1,1,1
2021-07-29 02:07:17pm: Sensor data :200000,800,700,400,35,140,34,1.7,9,1.9,3,1.1,1.8,170,1.3
2021-07-29 02:07:19pm: Command And Valve Status :2,1,2,1,1,2,2,2,2,2,0,2,2,1,2,2,1,2,1,1,1
2021-07-29 02:07:22pm: Sensor data :50000,900,800,500,38,160,26,1.6,8,1.8,2.2,1,1.7,160,1.2
2021-07-29 02:07:25pm: Command And Valve Status :2,1,2,1,1,2,2,2,2,2,0,2,2,1,2,2,1,2,1,1,1
2021-07-29 02:07:27pm: Sensor data :200000,900,800,500,38,160,26,1.2,7,1.5,1,0.9,1.6,150,1.1
2021-07-29 02:07:30pm: Command And Valve Status :2,1,2,1,1,2,2,2,2,2,0,2,2,1,2,2,1,2,1,1,1
2021-07-29 02:07:33pm: Sensor data :50000,800,700,400,35,140,34,1.2,7,1.5,1,0.9,1.6,150,1.1
2021-07-29 02:07:35pm: Command And Valve Status :2,1,2,1,1,2,2,2,2,2,0,2,2,1,2,2,1,2,1,1,1
2021-07-29 02:07:38pm: Sensor data :50000,900,800,500,38,160,26,1.2,7,1.5,1,0.9,1.6,150,1.1
2021-07-29 02:07:40pm: Command And Valve Status :2,1,2,1,1,2,2,2,2,2,0,2,2,1,2,2,1,2,1,1,1
2021-07-29 02:07:43pm: Sensor data :200000,900,800,500,38,160,26,1.2,7,1.5,1,0.9,1.6,150,1.1
2021-07-29 02:07:46pm: Command And Valve Status :2,1,2,1,1,2,2,2,2,2,0,2,2,1,2,2,1,2,1,1,1
2021-07-29 02:07:48pm: Sensor data :32000,800,700,400,35,140,34,1.2,7,1.5,1,0.9,1.6,150,1.1
2021-07-29 02:07:51pm: Command And Valve Status :2,1,2,1,1,2,2,2,2,2,0,2,2,1,2,2,1,2,1,1,1
2021-07-29 02:07:53pm: Sensor data :200000,900,800,500,38,160,26,1.6,8,1.8,2.2,1,1.7,160,1.2
2021-07-29 02:07:56pm: Command And Valve Status :2,1,2,1,1,2,2,2,2,2,0,2,2,1,2,2,1,2,1,1,1
2021-07-29 02:07:59pm: Sensor data :50000,900,800,500,38,160,26,1.7,9,1.9,3,1.1,1.8,170,1.3
2021-07-29 02:08:02pm: Command And Valve Status :2,1,2,1,1,2,2,2,2,2,0,2,2,1,2,2,1,2,1,1,1
2021-07-29 02:08:04pm: Sensor data :32000,800,700,400,35,140,34,1.2,7,1.5,1,0.9,1.6,150,1.1
2021-07-29 02:08:07pm: Command And Valve Status :2,1,2,1,1,2,2,2,2,2,0,2,2,1,2,2,1,2,1,1,1
2021-07-29 02:08:09pm: Sensor data :32000,900,800,500,38,160,26,1.7,9,1.9,3,1.1,1.8,170,1.3
2021-07-29 02:08:12pm: Command And Valve Status :2,1,2,1,1,1,2,2,2,2,0,2,2,1,2,2,1,2,1,1,1
2021-07-29 02:08:14pm: Sensor data :50000,800,700,400,35,140,34,1.6,8,1.8,2.2,1,1.7,160,1.2
2021-07-29 02:08:18pm: Command And Valve Status :2,1,2,1,1,1,1,2,2,2,0,2,2,1,1,1,1,2,1,1,1
2021-07-29 02:08:19pm: Sensor data :200000,900,800,500,38,160,26,1.6,8,1.8,2.2,1,1.7,160,1.2
2021-07-29 02:08:23pm: Command And Valve Status :2,1,2,1,1,1,1,1,2,2,0,2,2,1,1,1,1,2,1,1,1
2021-07-29 02:08:24pm: Sensor data :32000,900,800,500,38,160,26,1.6,8,1.8,2.2,1,1.7,160,1.2
2021-07-29 02:08:28pm: Command And Valve Status :2,1,2,1,1,1,1,1,2,1,0,2,2,1,1,1,1,2,1,1,1
2021-07-29 02:08:29pm: Sensor data :200000,900,800,500,38,160,26,1.2,7,1.5,1,0.9,1.6,150,1.1
2021-07-29 02:08:34pm: Command And Valve Status :2,1,2,1,1,1,1,1,1,1,0,2,2,1,1,1,1,1,1,1,1
2021-07-29 02:08:35pm: Sensor data :200000,800,700,400,35,140,34,1.2,7,1.5,1,0.9,1.6,150,1.1
2021-07-29 02:08:39pm: Command And Valve Status :2,1,2,1,1,1,1,1,1,1,0,2,2,1,1,1,1,1,1,1,1
2021-07-29 02:08:40pm: Sensor data :32000,700,650,300,31,120,32,1.2,7,1.5,1,0.9,1.6,150,1.1
2021-07-29 02:08:44pm: Command And Valve Status :2,1,2,1,1,1,1,1,1,1,0,2,2,1,1,1,1,1,1,1,1
2021-07-29 02:08:45pm: Sensor data :50000,700,650,300,31,120,32,1.2,7,1.5,1,0.9,1.6,150,1.1
2021-07-29 02:08:46pm: Reset : Started
2021-07-29 02:08:50pm: Command And Valve Status :2,1,2,1,1,1,1,1,1,1,0,2,2,1,1,1,1,1,1,1,1
2021-07-29 02:08:50pm: Sensor data :50000,800,700,400,35,140,34,1.7,9,1.9,3,1.1,1.8,170,1.3
2021-07-29 02:08:55pm: Command And Valve Status :2,1,2,1,1,1,1,1,1,1,0,2,2,1,1,1,1,1,1,1,1
2021-07-29 02:08:55pm: Sensor data :50000,900,800,500,38,160,26,1.7,9,1.9,3,1.1,1.8,170,1.3
2021-07-29 02:09:00pm: Command And Valve Status :2,1,2,1,1,1,1,1,1,1,0,2,2,1,1,1,1,1,1,1,1
2021-07-29 02:09:00pm: Sensor data :200000,800,700,400,35,140,34,1.2,7,1.5,1,0.9,1.6,150,1.1
2021-07-29 02:09:06pm: Sensor data :200000,800,700,400,35,140,34,1.2,7,1.5,1,0.9,1.6,150,1.1
2021-07-29 02:09:06pm: Command And Valve Status :2,1,2,1,1,1,1,1,1,1,0,2,2,1,1,1,1,1,1,1,1
2021-07-29 02:09:11pm: Sensor data :32000,700,650,300,31,120,32,1.7,9,1.9,3,1.1,1.8,170,1.3
2021-07-29 02:09:11pm: Command And Valve Status :2,1,2,1,1,1,1,1,1,1,0,2,2,1,1,1,1,1,1,1,1
2021-07-29 02:09:16pm: Sensor data :50000,700,650,300,31,120,32,1.2,7,1.5,1,0.9,1.6,150,1.1
2021-07-29 02:09:16pm: Command And Valve Status :2,1,2,1,1,1,1,1,1,1,0,2,2,1,1,1,1,1,1,1,1
2021-07-29 02:09:21pm: Sensor data :200000,700,650,300,31,120,32,1.6,8,1.8,2.2,1,1.7,160,1.2
2021-07-29 02:09:22pm: Command And Valve Status :2,1,2,1,1,1,1,1,1,1,0,2,2,1,1,1,1,1,1,1,1
2021-07-29 02:09:26pm: Sensor data :32000,800,700,400,35,140,34,1.2,7,1.5,1,0.9,1.6,150,1.1
2021-07-29 02:09:27pm: Command And Valve Status :2,1,2,1,1,1,1,1,1,1,0,2,2,1,1,1,1,1,1,1,1
2021-07-29 02:09:32pm: Sensor data :200000,800,700,400,35,140,34,1.7,9,1.9,3,1.1,1.8,170,1.3
2021-07-29 02:09:32pm: Command And Valve Status :2,1,2,1,1,1,1,1,1,1,0,2,2,1,1,1,1,1,1,1,1
2021-07-29 02:09:37pm: Sensor data :200000,800,700,400,35,140,34,1.6,8,1.8,2.2,1,1.7,160,1.2
2021-07-29 02:09:37pm: Command And Valve Status :2,1,2,1,1,1,1,1,1,1,0,2,2,1,1,1,1,1,1,1,1
2021-07-29 02:09:42pm: Sensor data :32000,900,800,500,38,160,26,1.7,9,1.9,3,1.1,1.8,170,1.3
2021-07-29 02:09:43pm: Command And Valve Status :2,1,2,1,1,1,1,1,1,1,0,2,2,1,1,1,1,1,1,1,1
2021-07-29 02:09:47pm: Sensor data :200000,800,700,400,35,140,34,1.6,8,1.8,2.2,1,1.7,160,1.2
2021-07-29 02:09:48pm: Command And Valve Status :2,1,2,1,1,1,1,1,1,1,0,2,2,1,1,1,1,1,1,1,1
2021-07-29 02:09:52pm: Sensor data :32000,800,700,400,35,140,34,1.7,9,1.9,3,1.1,1.8,170,1.3
2021-07-29 02:09:53pm: Command And Valve Status :2,1,2,1,1,1,1,1,1,1,0,2,2,1,1,1,1,1,1,1,1
2021-07-29 02:09:57pm: Sensor data :32000,800,700,400,35,140,34,1.7,9,1.9,3,1.1,1.8,170,1.3
2021-07-29 02:09:59pm: Command And Valve Status :2,1,2,1,1,1,1,1,1,1,0,2,2,1,1,1,1,1,1,1,1
2021-07-29 02:10:02pm: Sensor data :200000,900,800,500,38,160,26,1.2,7,1.5,1,0.9,1.6,150,1.1
2021-07-29 02:10:04pm: Command And Valve Status :2,1,2,1,1,1,1,1,1,1,0,2,2,1,1,1,1,1,1,1,1
2021-07-29 02:10:08pm: Sensor data :32000,900,800,500,38,160,26,1.2,7,1.5,1,0.9,1.6,150,1.1
2021-07-29 02:10:09pm: Command And Valve Status :2,1,2,1,1,1,1,1,1,1,0,2,2,1,1,1,1,1,1,1,1
2021-07-29 02:10:13pm: Sensor data :32000,800,700,400,35,140,34,1.7,9,1.9,3,1.1,1.8,170,1.3
2021-07-29 02:10:15pm: Command And Valve Status :2,1,2,1,1,1,1,1,1,1,0,2,2,1,1,1,1,1,1,1,1
2021-07-29 02:10:18pm: Sensor data :200000,900,800,500,38,160,26,1.7,9,1.9,3,1.1,1.8,170,1.3
2021-07-29 02:10:20pm: Command And Valve Status :2,1,2,1,1,1,1,1,1,1,0,2,2,1,1,1,1,1,1,1,1
2021-07-29 02:10:23pm: Sensor data :50000,900,800,500,38,160,26,1.7,9,1.9,3,1.1,1.8,170,1.3
2021-07-29 02:10:25pm: Command And Valve Status :2,1,2,1,1,1,1,1,1,1,0,2,2,1,1,1,1,1,1,1,1
2021-07-29 02:10:28pm: Sensor data :50000,900,800,500,38,160,26,1.2,7,1.5,1,0.9,1.6,150,1.1
2021-07-29 02:10:30pm: Command And Valve Status :2,1,2,1,1,1,1,1,1,1,0,2,2,1,1,1,1,1,1,1,1
2021-07-29 02:10:34pm: Sensor data :50000,800,700,400,35,140,34,1.2,7,1.5,1,0.9,1.6,150,1.1
2021-07-29 02:10:36pm: Command And Valve Status :2,1,2,1,1,1,1,1,1,1,0,2,2,1,1,1,1,1,1,1,1
2021-07-29 02:10:39pm: Sensor data :32000,800,700,400,35,140,34,1.7,9,1.9,3,1.1,1.8,170,1.3
2021-07-29 02:10:41pm: Command And Valve Status :2,1,2,1,1,1,1,1,1,1,0,2,2,1,1,1,1,1,1,1,1
2021-07-29 02:10:44pm: Sensor data :50000,900,800,500,38,160,26,1.7,9,1.9,3,1.1,1.8,170,1.3
2021-07-29 02:10:46pm: Command And Valve Status :2,1,2,1,1,1,1,1,1,1,0,2,2,1,1,1,1,1,1,1,1
2021-07-29 02:10:49pm: Sensor data :200000,900,800,500,38,160,26,1.7,9,1.9,3,1.1,1.8,170,1.3
2021-07-29 02:10:52pm: Command And Valve Status :2,1,2,1,1,1,1,1,1,1,0,2,2,1,1,1,1,1,1,1,1
2021-07-29 02:10:54pm: Sensor data :50000,900,800,500,38,160,26,1.7,9,1.9,3,1.1,1.8,170,1.3
2021-07-29 02:10:57pm: Command And Valve Status :2,1,2,1,1,1,1,1,1,1,0,2,2,1,1,1,1,1,1,1,1
2021-07-29 02:10:59pm: Sensor data :50000,900,800,500,38,160,26,1.7,9,1.9,3,1.1,1.8,170,1.3
2021-07-29 02:11:02pm: Command And Valve Status :2,1,2,1,1,1,1,1,1,1,0,2,2,1,1,1,1,1,1,1,1
2021-07-29 02:11:04pm: Sensor data :32000,900,800,500,38,160,26,1.6,8,1.8,2.2,1,1.7,160,1.2
2021-07-29 02:11:08pm: Command And Valve Status :2,1,2,1,1,1,1,1,1,1,0,2,2,1,1,1,1,1,1,1,1
2021-07-29 02:11:10pm: Sensor data :200000,700,650,300,31,120,32,1.2,7,1.5,1,0.9,1.6,150,1.1
2021-07-29 02:11:13pm: Command And Valve Status :2,1,2,1,1,1,1,1,1,1,0,2,2,1,1,1,1,1,1,1,1
2021-07-29 02:11:15pm: Sensor data :32000,900,650,300,31,120,32,1.6,9,1.9,3,1.1,1.8,170,1.3
2021-07-29 02:11:18pm: Command And Valve Status :2,1,2,1,1,1,1,1,1,1,0,2,2,1,1,1,1,1,1,1,1
2021-07-29 02:11:20pm: Sensor data :50000,800,700,400,35,140,34,1.7,9,1.9,3,1.1,1.8,170,1.3
2021-07-29 02:11:23pm: Command And Valve Status :2,1,2,1,1,1,1,1,1,1,0,2,2,1,1,1,1,1,1,1,1
2021-07-29 02:11:25pm: Sensor data :200000,900,800,500,38,160,26,1.2,7,1.5,1,0.9,1.6,150,1.1
2021-07-29 02:11:29pm: Command And Valve Status :2,1,2,1,1,1,1,1,1,1,0,2,2,1,1,1,1,1,1,1,1
2021-07-29 02:11:30pm: Sensor data :32000,700,650,300,31,120,32,1.2,7,1.5,1,0.9,1.6,150,1.1
2021-07-29 02:11:34pm: Command And Valve Status :2,1,2,1,1,1,1,1,1,1,0,2,2,1,1,1,1,1,1,1,1
2021-07-29 02:11:35pm: Sensor data :200000,800,700,400,35,140,34,1.6,8,1.8,2.2,1,1.7,160,1.2
2021-07-29 02:11:39pm: Command And Valve Status :2,1,2,1,1,1,1,1,1,1,0,2,2,1,1,1,1,1,1,1,1
2021-07-29 02:11:40pm: Sensor data :32000,700,650,300,31,120,32,1.7,9,1.9,3,1.1,1.8,170,1.3
2021-07-29 02:11:45pm: Command And Valve Status :2,1,2,1,1,1,1,1,1,1,0,2,2,1,1,1,1,1,1,1,1
2021-07-29 02:11:45pm: Sensor data :50000,800,700,400,35,140,34,1.2,7,1.5,1,0.9,1.6,150,1.1
2021-07-29 02:11:50pm: Command And Valve Status :2,1,2,1,1,1,1,1,1,1,0,2,2,1,1,1,1,1,1,1,1
2021-07-29 02:11:51pm: Sensor data :200000,900,800,500,38,160,26,1.6,8,1.8,2.2,1,1.7,160,1.2
2021-07-29 02:11:55pm: Command And Valve Status :2,1,2,1,1,1,1,1,1,1,0,2,2,1,1,1,1,1,1,1,1
2021-07-29 02:11:56pm: Sensor data :32000,700,650,300,31,120,32,1.6,8,1.8,2.2,1,1.7,160,1.2
2021-07-29 02:12:00pm: Command And Valve Status :2,1,2,1,1,1,1,1,1,1,0,2,2,1,1,1,1,1,1,1,1
2021-07-29 02:12:01pm: Sensor data :50000,800,700,400,35,140,34,1.7,9,1.9,3,1.1,1.8,170,1.3
2021-07-29 02:12:06pm: Command And Valve Status :2,1,2,1,1,1,1,1,1,1,0,2,2,1,1,1,1,1,1,1,1
2021-07-29 02:12:06pm: Sensor data :50000,900,800,500,38,160,26,1.6,8,1.8,2.2,1,1.7,160,1.2
2021-07-29 02:12:11pm: Command And Valve Status :2,1,2,1,1,1,1,1,1,1,0,2,2,1,1,1,1,1,1,1,1
2021-07-29 02:12:11pm: Sensor data :50000,900,800,500,38,160,26,1.6,8,1.8,2.2,1,1.7,160,1.2
2021-07-29 02:12:16pm: Sensor data :32000,700,650,300,31,120,32,1.6,8,1.8,2.2,1,1.7,160,1.2
2021-07-29 02:12:16pm: Command And Valve Status :2,1,2,1,1,1,1,1,1,1,0,2,2,1,1,1,1,1,1,1,1
2021-07-29 02:12:22pm: Sensor data :200000,800,700,400,35,140,34,1.6,8,1.8,2.2,1,1.7,160,1.2
2021-07-29 02:12:22pm: Command And Valve Status :2,1,2,1,1,1,1,1,1,1,0,2,2,1,1,1,1,1,1,1,1
2021-07-29 02:12:27pm: Sensor data :32000,900,800,500,38,160,26,1.6,8,1.8,2.2,1,1.7,160,1.2
2021-07-29 02:12:27pm: Command And Valve Status :2,1,2,1,1,1,1,1,1,1,0,2,2,1,1,1,1,1,1,1,1
2021-07-29 02:12:32pm: Sensor data :50000,800,700,400,35,140,34,1.6,8,1.8,2.2,1,1.7,160,1.2
2021-07-29 02:12:32pm: Command And Valve Status :2,1,2,1,1,1,1,1,1,1,0,2,2,1,1,1,1,1,1,1,1
2021-07-29 02:12:37pm: Sensor data :50000,900,800,500,38,160,26,1.7,9,1.9,3,1.1,1.8,170,1.3
2021-07-29 02:12:38pm: Command And Valve Status :2,1,2,1,1,1,1,1,1,1,0,2,2,1,1,1,1,1,1,1,1
2021-07-29 02:12:42pm: Sensor data :50000,900,650,300,31,120,32,1.6,9,1.9,3,1.1,1.8,170,1.3
2021-07-29 02:53:15pm: Initialize (Code to PLC) : Started
2021-07-29 02:53:15pm: Initialize (PLC to Code) : Started
2021-07-29 02:53:15pm: Command And Valve Status :1,2,2,2,2,2,2,2,2,2,0,2,2,2,2,2,2,2,2,2,2
2021-07-29 02:53:21pm: Command And Valve Status :1,2,2,2,2,2,2,2,2,2,0,2,2,2,2,2,2,2,2,2,2
2021-07-29 02:53:26pm: Command And Valve Status :1,2,2,2,2,2,2,2,2,2,0,2,2,2,2,2,2,2,2,2,2
2021-07-29 02:53:31pm: Command And Valve Status :1,2,2,2,2,2,2,2,2,2,0,2,2,2,2,2,2,2,2,2,2
2021-07-29 02:53:37pm: Command And Valve Status :1,2,2,2,2,2,2,2,2,2,0,2,2,2,2,2,2,2,2,2,2
2021-07-29 02:53:42pm: Command And Valve Status :1,2,2,2,2,2,2,2,2,2,0,2,2,2,2,2,2,2,2,2,2
2021-07-29 02:53:47pm: Command And Valve Status :1,2,2,2,2,2,2,2,2,2,0,2,2,2,2,2,2,2,2,2,2
2021-07-29 02:53:53pm: Command And Valve Status :1,2,2,2,2,2,2,2,2,2,0,2,2,2,2,2,2,2,2,2,2
2021-07-29 02:53:58pm: Command And Valve Status :1,2,2,2,2,2,2,2,2,2,0,2,2,2,2,2,2,2,2,2,2
2021-07-29 02:54:03pm: Command And Valve Status :1,2,2,2,2,2,2,2,2,2,0,2,2,2,2,2,2,2,2,2,2
2021-07-29 02:54:09pm: Command And Valve Status :1,2,2,2,2,2,2,2,2,2,0,2,2,2,2,2,2,2,2,2,2
2021-07-29 02:54:14pm: Command And Valve Status :1,2,2,2,2,2,2,2,2,2,0,2,2,2,2,2,2,2,2,2,2
2021-07-29 02:54:19pm: Command And Valve Status :1,2,2,2,2,2,2,2,2,2,0,2,2,2,2,2,2,2,2,2,2
2021-07-29 02:54:24pm: Command And Valve Status :1,2,2,2,2,2,2,2,2,2,0,2,2,2,2,2,2,2,2,2,2
2021-07-29 02:54:30pm: Command And Valve Status :1,2,2,2,2,2,2,2,2,2,0,2,2,2,2,2,2,2,2,2,2
2021-07-29 02:54:35pm: Command And Valve Status :1,2,2,2,2,2,2,2,2,2,0,2,2,2,2,2,2,2,2,2,2
2021-07-29 02:54:40pm: Command And Valve Status :1,2,2,2,2,2,2,2,2,2,0,2,2,2,2,2,2,2,2,2,2
2021-07-29 02:54:46pm: Command And Valve Status :1,2,2,2,2,2,2,2,2,2,0,2,2,2,2,2,2,2,2,2,2
2021-07-29 02:54:51pm: Command And Valve Status :1,2,2,2,2,2,2,2,2,2,0,2,2,2,2,2,2,2,2,2,2
2021-07-29 02:54:56pm: Command And Valve Status :1,2,2,2,2,2,2,2,2,2,0,2,2,2,2,2,2,2,2,2,2
2021-07-29 02:55:02pm: Command And Valve Status :1,2,2,2,2,2,2,2,2,2,0,2,2,2,2,2,2,2,2,2,2
2021-07-29 02:55:07pm: Command And Valve Status :1,2,2,2,2,2,2,2,2,2,0,2,2,2,2,2,2,2,2,2,2
2021-07-29 02:55:12pm: Command And Valve Status :1,2,2,2,2,2,2,2,2,2,0,2,2,2,2,2,2,2,2,2,2
2021-07-29 02:55:18pm: Command And Valve Status :1,2,2,2,2,2,2,2,2,2,0,2,2,2,2,2,2,2,2,2,2
2021-07-29 02:55:23pm: Command And Valve Status :1,2,2,2,2,2,2,2,2,2,0,2,2,2,2,2,2,2,2,2,2
2021-07-29 02:55:28pm: Command And Valve Status :1,2,2,2,2,2,2,2,2,2,0,2,2,2,2,2,2,2,2,2,2
2021-07-29 02:55:33pm: Command And Valve Status :1,2,2,2,2,2,2,2,2,2,0,2,2,2,2,2,2,2,2,2,2
2021-07-29 02:55:39pm: Command And Valve Status :1,2,2,2,2,2,2,2,2,2,0,2,2,2,2,2,2,2,2,2,2
2021-07-29 02:55:44pm: Command And Valve Status :1,2,2,2,2,2,2,2,2,2,0,2,2,2,2,2,2,2,2,2,2
2021-07-29 02:55:49pm: Command And Valve Status :1,2,2,2,2,2,2,2,2,2,0,2,2,2,2,2,2,2,2,2,2
2021-07-29 02:55:55pm: Command And Valve Status :1,2,2,2,2,2,2,2,2,2,0,2,2,2,2,2,2,2,2,2,2
2021-07-29 02:56:00pm: Command And Valve Status :1,2,2,2,2,2,2,2,2,2,0,2,2,2,2,2,2,2,2,2,2
2021-07-29 02:56:05pm: Command And Valve Status :1,2,2,2,2,2,2,2,2,2,0,2,2,2,2,2,2,2,2,2,2
2021-07-29 02:56:11pm: Command And Valve Status :1,2,2,2,2,2,2,2,2,2,0,2,2,2,2,2,2,2,2,2,2
2021-07-29 02:56:11pm: Start (PLC TO DB) : Started
2021-07-29 02:56:12pm: Sensor data :32000,700,650,300,31,120,32,1.7,9,1.9,3,1.1,1.8,170,1.3
2021-07-29 02:56:16pm: Command And Valve Status :2,1,2,2,2,2,2,2,2,2,0,2,2,2,2,2,2,2,2,2,2
2021-07-29 02:56:17pm: Sensor data :200000,700,650,300,31,120,32,1.6,8,1.8,2.2,1,1.7,160,1.2
2021-07-29 02:56:22pm: Sensor data :200000,800,700,400,35,140,34,1.6,8,1.8,2.2,1,1.7,160,1.2
2021-07-29 02:59:04pm: Initialize (Code to PLC) : Started
2021-07-29 02:59:04pm: Initialize (PLC to Code) : Started
2021-07-29 02:59:05pm: Command And Valve Status :1,2,2,2,2,2,2,2,2,2,0,2,2,2,2,2,2,2,2,2,2
2021-07-29 02:59:09pm: Start (PLC TO DB) : Started
2021-07-29 02:59:09pm: Sensor data :32000,900,800,500,38,160,26,1.2,7,1.5,1,0.9,1.6,150,1.1
2021-07-29 02:59:10pm: Command And Valve Status :2,1,2,2,2,2,2,2,2,2,0,2,2,2,2,2,2,2,2,2,2
2021-07-29 02:59:14pm: Sensor data :32000,700,650,300,31,120,32,1.2,7,1.5,1,0.9,1.6,150,1.1
2021-07-29 03:15:29pm: Initialize (Code to PLC) : Started
2021-07-29 03:15:30pm: Initialize (PLC to Code) : Started
2021-07-29 03:15:30pm: Command And Valve Status :1,2,2,2,2,2,2,2,2,2,0,2,2,2,2,2,2,2,2,2,2
2021-07-29 03:15:34pm: Start (PLC TO DB) : Started
2021-07-29 03:15:35pm: Sensor data :50000,700,700,400,35,140,34,1.7,7,1.5,1,0.9,1.6,150,1.1
2021-07-29 03:15:36pm: Command And Valve Status :2,1,2,2,2,2,2,2,2,2,0,2,2,2,2,2,2,2,2,2,2
2021-07-29 03:15:40pm: Sensor data :32000,800,700,400,35,140,34,1.7,9,1.9,3,1.1,1.8,170,1.3
2021-07-29 03:15:41pm: Command And Valve Status :2,1,2,2,2,2,2,2,2,2,0,2,2,2,2,2,2,2,2,2,1
2021-07-29 03:15:45pm: Sensor data :50000,900,800,500,38,160,26,1.2,7,1.5,1,0.9,1.6,150,1.1
2021-07-29 03:15:46pm: Command And Valve Status :2,1,2,2,2,2,2,2,2,2,0,2,2,2,2,2,2,2,2,1,1
2021-07-29 03:15:50pm: Sensor data :32000,700,650,300,31,120,32,1.7,9,1.9,3,1.1,1.8,170,1.3
2021-07-29 03:15:52pm: Command And Valve Status :2,1,2,2,2,2,2,2,2,2,0,2,2,2,2,2,1,2,2,1,1
2021-07-29 03:15:56pm: Sensor data :200000,800,700,400,35,140,34,1.2,7,1.5,1,0.9,1.6,150,1.1
2021-07-29 03:15:57pm: Command And Valve Status :2,1,2,1,1,2,2,2,2,2,0,2,2,1,2,2,1,2,1,1,1
2021-07-29 03:16:01pm: Sensor data :200000,900,800,500,38,160,26,1.7,9,1.9,3,1.1,1.8,170,1.3
2021-07-29 03:16:02pm: Command And Valve Status :2,1,2,1,1,2,2,2,2,2,0,2,2,1,2,2,1,2,1,1,1
2021-07-29 03:16:06pm: Sensor data :50000,800,700,400,35,140,34,1.6,8,1.8,2.2,1,1.7,160,1.2
2021-07-29 03:16:08pm: Command And Valve Status :2,1,2,1,1,2,2,2,2,2,0,2,2,1,2,2,1,2,1,1,1
2021-07-29 03:16:11pm: Sensor data :32000,900,800,500,38,160,26,1.2,7,1.5,1,0.9,1.6,150,1.1
2021-07-29 03:16:13pm: Command And Valve Status :2,1,2,1,1,2,2,2,2,2,0,2,2,1,2,2,1,2,1,1,1
2021-07-29 03:16:16pm: Sensor data :50000,700,650,300,31,120,32,1.7,9,1.9,3,1.1,1.8,170,1.3
2021-07-29 03:16:18pm: Command And Valve Status :2,1,2,1,1,2,2,2,2,2,0,2,2,1,2,2,1,2,1,1,1
2021-07-29 03:16:22pm: Sensor data :50000,800,700,400,35,140,34,1.6,8,1.8,2.2,1,1.7,160,1.2
2021-07-29 03:16:23pm: Command And Valve Status :2,1,2,1,1,2,2,2,2,2,0,2,2,1,2,2,1,2,1,1,1
2021-07-29 03:16:27pm: Sensor data :200000,700,650,300,31,120,32,1.2,7,1.5,1,0.9,1.6,150,1.1
2021-07-29 03:16:29pm: Command And Valve Status :2,1,2,1,1,2,2,2,2,2,0,2,2,1,2,2,1,2,1,1,1
2021-07-29 03:16:32pm: Sensor data :200000,700,650,300,31,120,32,1.2,7,1.5,1,0.9,1.6,150,1.1
2021-07-29 03:16:34pm: Command And Valve Status :2,1,2,1,1,2,2,2,2,2,0,2,2,1,2,2,1,2,1,1,1
2021-07-29 03:16:37pm: Sensor data :50000,800,700,400,35,140,34,1.2,7,1.5,1,0.9,1.6,150,1.1
2021-07-29 03:16:39pm: Command And Valve Status :2,1,2,1,1,2,2,2,2,2,0,2,2,1,2,2,1,2,1,1,1
2021-07-29 03:16:42pm: Sensor data :32000,700,650,300,31,120,32,1.7,9,1.9,3,1.1,1.8,170,1.3
2021-07-29 03:16:45pm: Command And Valve Status :2,1,2,1,1,2,2,2,2,2,0,2,2,1,2,2,1,2,1,1,1
2021-07-29 03:16:47pm: Sensor data :200000,700,650,300,31,120,32,1.6,8,1.8,2.2,1,1.7,160,1.2
2021-07-29 03:16:50pm: Command And Valve Status :2,1,2,1,1,2,2,2,2,2,0,2,2,1,2,2,1,2,1,1,1
2021-07-29 03:16:52pm: Sensor data :50000,700,650,300,31,120,32,1.6,8,1.8,2.2,1,1.7,160,1.2
2021-07-29 03:16:55pm: Command And Valve Status :2,1,2,1,1,1,2,2,2,2,0,2,2,1,2,2,1,2,1,1,1
2021-07-29 03:16:58pm: Sensor data :200000,800,700,400,35,140,34,1.7,9,1.9,3,1.1,1.8,170,1.3
2021-07-29 03:17:01pm: Command And Valve Status :2,1,2,1,1,1,1,2,2,2,0,2,2,1,1,1,1,2,1,1,1
2021-07-29 03:17:03pm: Sensor data :32000,700,650,300,31,120,32,1.6,8,1.8,2.2,1,1.7,160,1.2
2021-07-29 03:17:06pm: Command And Valve Status :2,1,2,1,1,1,1,1,2,2,0,2,2,1,1,1,1,2,1,1,1
2021-07-29 03:17:08pm: Sensor data :50000,900,800,500,38,160,26,1.7,9,1.9,3,1.1,1.8,170,1.3
2021-07-29 03:17:11pm: Command And Valve Status :2,1,2,1,1,1,1,1,2,1,0,2,2,1,1,1,1,2,1,1,1
2021-07-29 03:17:13pm: Sensor data :200000,800,700,400,35,140,34,1.2,7,1.5,1,0.9,1.6,150,1.1
2021-07-29 03:17:17pm: Command And Valve Status :2,1,2,1,1,1,1,1,1,1,0,2,2,1,1,1,1,1,1,1,1
2021-07-29 03:17:18pm: Sensor data :50000,700,650,300,31,120,32,1.6,8,1.8,2.2,1,1.7,160,1.2
2021-07-29 03:17:22pm: Command And Valve Status :2,1,2,1,1,1,1,1,1,1,0,2,2,1,1,1,1,1,1,1,1
2021-07-29 03:17:23pm: Sensor data :50000,800,700,400,35,140,34,1.2,7,1.5,1,0.9,1.6,150,1.1
2021-07-29 03:17:27pm: Command And Valve Status :2,1,2,1,1,1,1,1,1,1,0,2,2,1,1,1,1,1,1,1,1
2021-07-29 03:17:28pm: Sensor data :50000,800,700,400,35,140,34,1.2,7,1.5,1,0.9,1.6,150,1.1
2021-07-29 03:17:33pm: Command And Valve Status :2,1,2,1,1,1,1,1,1,1,0,2,2,1,1,1,1,1,1,1,1
2021-07-29 03:17:34pm: Sensor data :32000,800,700,400,35,140,34,1.6,8,1.8,2.2,1,1.7,160,1.2
2021-07-29 03:17:34pm: Reset : Started
2021-07-29 03:17:38pm: Command And Valve Status :2,1,2,1,1,1,1,1,1,1,0,2,2,1,1,1,1,1,1,1,1
2021-07-29 03:17:39pm: Sensor data :200000,800,700,400,35,140,34,1.7,9,1.9,3,1.1,1.8,170,1.3
2021-07-29 03:17:43pm: Command And Valve Status :2,1,2,1,1,1,1,1,1,1,0,2,2,1,1,1,1,1,1,1,1
2021-07-29 03:17:44pm: Sensor data :200000,700,650,300,31,120,32,1.6,8,1.8,2.2,1,1.7,160,1.2
2021-07-29 03:17:49pm: Sensor data :32000,700,650,300,31,120,32,1.7,9,1.9,3,1.1,1.8,170,1.3
