2021-07-31 11:32:30am: Initialize (Code to PLC) : Started
2021-07-31 11:32:31am: Initialize (PLC to Code) : Started
2021-07-31 11:32:31am: Command And Valve Status :1,2,2,2,2,2,2,2,2,2,0,2,2,2,2,2,2,2,2,2,2
2021-07-31 11:32:36am: Start (PLC TO DB) : Started
2021-07-31 11:32:37am: Sensor data :50000,700,650,300,31,120,32,1.6,8,1.8,2.2,1,1.7,160,1.2
2021-07-31 11:32:37am: Command And Valve Status :2,1,2,2,2,2,2,2,2,2,0,2,2,2,2,2,2,2,2,2,2
2021-07-31 11:32:42am: Sensor data :32000,800,700,400,35,140,34,1.2,7,1.5,1,0.9,1.6,150,1.1
2021-07-31 11:32:43am: Command And Valve Status :2,1,2,2,2,2,2,2,2,2,0,2,2,2,2,2,2,2,2,2,1
2021-07-31 11:32:48am: Sensor data :200000,900,800,500,38,160,26,1.7,9,1.9,3,1.1,1.8,170,1.3
2021-07-31 11:32:48am: Command And Valve Status :2,1,2,2,2,2,2,2,2,2,0,2,2,2,2,2,2,2,2,1,1
2021-07-31 11:32:53am: Sensor data :50000,900,800,500,38,160,26,1.6,8,1.8,2.2,1,1.7,160,1.2
2021-07-31 11:32:53am: Command And Valve Status :2,1,2,2,2,2,2,2,2,2,0,2,2,2,2,2,1,2,2,1,1
2021-07-31 11:32:59am: Sensor data :200000,900,800,500,38,160,26,1.6,8,1.8,2.2,1,1.7,160,1.2
2021-07-31 11:33:00am: Command And Valve Status :2,1,2,1,1,2,2,2,2,2,0,2,2,1,2,2,1,2,1,1,1
2021-07-31 11:33:04am: Sensor data :50000,900,800,500,38,160,26,1.2,7,1.5,1,0.9,1.6,150,1.1
2021-07-31 11:33:05am: Command And Valve Status :2,1,2,1,1,2,2,2,2,2,0,2,2,1,2,2,1,2,1,1,1
2021-07-31 11:33:10am: Sensor data :200000,800,700,400,35,140,34,1.2,7,1.5,1,0.9,1.6,150,1.1
2021-07-31 11:33:10am: Command And Valve Status :2,1,2,1,1,2,2,2,2,2,0,2,2,1,2,2,1,2,1,1,1
2021-07-31 11:33:16am: Command And Valve Status :2,1,2,1,1,2,2,2,2,2,0,2,2,1,2,2,1,2,1,1,1
2021-07-31 11:33:16am: Sensor data :50000,700,650,300,31,120,32,1.2,7,1.5,1,0.9,1.6,150,1.1
2021-07-31 11:33:21am: Command And Valve Status :2,1,2,1,1,2,2,2,2,2,0,2,2,1,2,2,1,2,1,1,1
2021-07-31 11:33:21am: Sensor data :200000,800,700,400,35,140,34,1.2,7,1.5,1,0.9,1.6,150,1.1
2021-07-31 11:33:26am: Command And Valve Status :2,1,2,1,1,2,2,2,2,2,0,2,2,1,2,2,1,2,1,1,1
2021-07-31 11:33:27am: Sensor data :200000,700,650,300,31,120,32,1.7,9,1.9,3,1.1,1.8,170,1.3
2021-07-31 11:33:31am: Command And Valve Status :2,1,2,1,1,2,2,2,2,2,0,2,2,1,2,2,1,2,1,1,1
2021-07-31 11:33:32am: Sensor data :200000,800,700,400,35,140,34,1.7,9,1.9,3,1.1,1.8,170,1.3
2021-07-31 11:33:37am: Command And Valve Status :2,1,2,1,1,2,2,2,2,2,0,2,2,1,2,2,1,2,1,1,1
2021-07-31 11:33:38am: Sensor data :200000,900,800,500,38,160,26,1.6,8,1.8,2.2,1,1.7,160,1.2
2021-07-31 11:33:42am: Command And Valve Status :2,1,2,1,1,2,2,2,2,2,0,2,2,1,2,2,1,2,1,1,1
2021-07-31 11:33:43am: Sensor data :32000,700,650,300,31,120,32,1.7,9,1.9,3,1.1,1.8,170,1.3
2021-07-31 11:33:47am: Command And Valve Status :2,1,2,1,1,2,2,2,2,2,0,2,2,1,2,2,1,2,1,1,1
2021-07-31 11:33:48am: Sensor data :50000,800,700,400,35,140,34,1.6,8,1.8,2.2,1,1.7,160,1.2
2021-07-31 11:33:53am: Command And Valve Status :2,1,2,1,1,2,2,2,2,2,0,2,2,1,2,2,1,2,1,1,1
2021-07-31 11:33:53am: Sensor data :50000,800,700,400,35,140,34,1.2,7,1.5,1,0.9,1.6,150,1.1
2021-07-31 11:33:58am: Command And Valve Status :2,1,2,1,1,1,2,2,2,2,0,2,2,1,2,2,1,2,1,1,1
2021-07-31 11:33:59am: Sensor data :200000,700,650,300,31,120,32,1.7,9,1.9,3,1.1,1.8,170,1.3
2021-07-31 11:34:04am: Command And Valve Status :2,1,2,1,1,1,1,2,2,2,0,2,2,1,1,1,1,2,1,1,1
2021-07-31 11:34:04am: Sensor data :50000,900,800,500,38,160,26,1.6,8,1.8,2.2,1,1.7,160,1.2
2021-07-31 11:34:09am: Command And Valve Status :2,1,2,1,1,1,1,1,2,2,0,2,2,1,1,1,1,2,1,1,1
2021-07-31 11:34:10am: Sensor data :200000,700,650,300,31,120,32,1.7,9,1.9,3,1.1,1.8,170,1.3
2021-07-31 11:34:15am: Command And Valve Status :2,1,2,1,1,1,1,1,2,1,0,2,2,1,1,1,1,2,1,1,1
2021-07-31 11:34:15am: Sensor data :50000,800,700,400,35,140,34,1.6,8,1.8,2.2,1,1.7,160,1.2
2021-07-31 11:34:21am: Command And Valve Status :2,1,2,1,1,1,1,1,1,1,0,2,2,1,1,1,1,1,1,1,1
2021-07-31 11:34:21am: Sensor data :50000,900,800,500,38,160,26,1.7,9,1.9,3,1.1,1.8,170,1.3
2021-07-31 11:34:26am: Sensor data :200000,700,650,300,31,120,32,1.2,7,1.5,1,0.9,1.6,150,1.1
2021-07-31 11:34:26am: Command And Valve Status :2,1,2,1,1,1,1,1,1,1,0,2,2,1,1,1,1,1,1,1,1
2021-07-31 11:34:31am: Command And Valve Status :2,1,2,1,1,1,1,1,1,1,0,2,2,1,1,1,1,1,1,1,1
2021-07-31 11:34:31am: Sensor data :50000,800,700,400,35,140,34,1.2,7,1.5,1,0.9,1.6,150,1.1
2021-07-31 11:34:37am: Command And Valve Status :2,1,2,1,1,1,1,1,1,1,0,2,2,1,1,1,1,1,1,1,1
2021-07-31 11:34:37am: Sensor data :50000,900,800,500,38,160,26,1.6,8,1.8,2.2,1,1.7,160,1.2
2021-07-31 11:34:42am: Command And Valve Status :2,1,2,1,1,1,1,1,1,1,0,2,2,1,1,1,1,1,1,1,1
2021-07-31 11:34:42am: Sensor data :200000,900,650,300,31,120,32,1.2,8,1.8,2.2,1,1.7,160,1.2
2021-07-31 11:34:47am: Command And Valve Status :2,1,2,1,1,1,1,1,1,1,0,2,2,1,1,1,1,1,1,1,1
2021-07-31 11:34:47am: Sensor data :50000,900,800,500,38,160,26,1.2,7,1.5,1,0.9,1.6,150,1.1
2021-07-31 11:34:48am: Reset : Started
2021-07-31 11:34:52am: Sensor data :200000,700,650,300,31,120,32,1.6,8,1.8,2.2,1,1.7,160,1.2
2021-07-31 11:34:52am: Command And Valve Status :2,1,2,1,1,1,1,1,1,1,0,2,2,1,1,1,1,1,1,1,1
2021-07-31 11:34:57am: Sensor data :32000,800,700,400,35,140,34,1.6,8,1.8,2.2,1,1.7,160,1.2
2021-07-31 11:34:58am: Command And Valve Status :2,1,2,1,1,1,1,1,1,1,0,2,2,1,1,1,1,1,1,1,1
2021-07-31 11:35:03am: Sensor data :200000,700,650,300,31,120,32,1.2,7,1.5,1,0.9,1.6,150,1.1
2021-07-31 11:35:03am: Command And Valve Status :2,1,2,1,1,1,1,1,1,1,0,2,2,1,1,1,1,1,1,1,1
2021-07-31 11:35:08am: Sensor data :200000,800,700,400,35,140,34,1.2,7,1.5,1,0.9,1.6,150,1.1
2021-07-31 11:38:07am: Initialize (Code to PLC) : Started
2021-07-31 11:38:08am: Initialize (PLC to Code) : Started
2021-07-31 11:38:08am: Command And Valve Status :1,2,2,2,2,2,2,2,2,2,0,2,2,2,2,2,2,2,2,2,2
2021-07-31 11:38:13am: Command And Valve Status :1,2,2,2,2,2,2,2,2,2,0,2,2,2,2,2,2,2,2,2,2
2021-07-31 11:38:19am: Command And Valve Status :1,2,2,2,2,2,2,2,2,2,0,2,2,2,2,2,2,2,2,2,2
2021-07-31 11:38:21am: Start (PLC TO DB) : Started
2021-07-31 11:38:21am: Sensor data :32000,900,800,500,38,160,26,1.7,9,1.9,3,1.1,1.8,170,1.3
2021-07-31 11:38:24am: Command And Valve Status :2,1,2,2,2,2,2,2,2,2,0,2,2,2,2,2,2,2,2,2,2
2021-07-31 11:38:26am: Sensor data :200000,800,700,400,35,140,34,1.2,7,1.5,1,0.9,1.6,150,1.1
2021-07-31 11:38:31am: Sensor data :32000,800,700,400,35,140,34,1.2,7,1.5,1,0.9,1.6,150,1.1
2021-07-31 11:41:26am: Initialize (Code to PLC) : Started
2021-07-31 11:41:27am: Initialize (PLC to Code) : Started
2021-07-31 11:41:27am: Command And Valve Status :1,2,2,2,2,2,2,2,2,2,0,2,2,2,2,2,2,2,2,2,2
2021-07-31 11:41:32am: Command And Valve Status :1,2,2,2,2,2,2,2,2,2,0,2,2,2,2,2,2,2,2,2,2
2021-07-31 11:41:33am: Start (PLC TO DB) : Started
2021-07-31 11:41:33am: Sensor data :32000,800,700,400,35,140,34,1.6,8,1.8,2.2,1,1.7,160,1.2
2021-07-31 11:41:38am: Command And Valve Status :2,1,2,2,2,2,2,2,2,2,0,2,2,2,2,2,2,2,2,2,2
2021-07-31 11:41:38am: Sensor data :32000,800,700,400,35,140,34,1.6,8,1.8,2.2,1,1.7,160,1.2
2021-07-31 11:41:44am: Sensor data :50000,900,800,500,38,160,26,1.6,8,1.8,2.2,1,1.7,160,1.2
2021-07-31 11:42:51am: Initialize (Code to PLC) : Started
2021-07-31 11:42:51am: Initialize (PLC to Code) : Started
2021-07-31 11:42:52am: Command And Valve Status :1,2,2,2,2,2,2,2,2,2,0,2,2,2,2,2,2,2,2,2,2
2021-07-31 11:42:55am: Start (PLC TO DB) : Started
2021-07-31 11:42:55am: Sensor data :200000,800,700,400,35,140,34,1.7,9,1.9,3,1.1,1.8,170,1.3
2021-07-31 11:42:57am: Command And Valve Status :2,1,2,2,2,2,2,2,2,2,0,2,2,2,2,2,2,2,2,2,2
2021-07-31 11:43:00am: Sensor data :200000,900,800,500,38,160,26,1.2,7,1.5,1,0.9,1.6,150,1.1
2021-07-31 12:52:05pm: Initialize (Code to PLC) : Started
2021-07-31 12:52:05pm: Initialize (PLC to Code) : Started
2021-07-31 12:52:06pm: Command And Valve Status :1,2,2,2,2,2,2,2,2,2,0,2,2,2,2,2,2,2,2,2,2
2021-07-31 12:52:10pm: Start (PLC TO DB) : Started
2021-07-31 12:52:10pm: Sensor data :32000,800,700,400,35,140,34,1.7,9,1.9,3,1.1,1.8,170,1.3
2021-07-31 12:52:11pm: Command And Valve Status :2,1,2,2,2,2,2,2,2,2,0,2,2,2,2,2,2,2,2,2,2
2021-07-31 12:52:16pm: Sensor data :32000,700,650,300,31,120,32,1.7,9,1.9,3,1.1,1.8,170,1.3
2021-07-31 12:52:16pm: Command And Valve Status :2,1,2,2,2,2,2,2,2,2,0,2,2,2,2,2,2,2,2,2,1
2021-07-31 12:52:21pm: Sensor data :32000,900,800,500,38,160,26,1.7,9,1.9,3,1.1,1.8,170,1.3
2021-07-31 12:52:22pm: Command And Valve Status :2,1,2,2,2,2,2,2,2,2,0,2,2,2,2,2,2,2,2,1,1
2021-07-31 12:52:26pm: Sensor data :200000,900,800,500,38,160,26,1.6,8,1.8,2.2,1,1.7,160,1.2
2021-07-31 12:52:27pm: Command And Valve Status :2,1,2,2,2,2,2,2,2,2,0,2,2,2,2,2,1,2,2,1,1
2021-07-31 12:52:31pm: Sensor data :50000,700,650,300,31,120,32,1.2,7,1.5,1,0.9,1.6,150,1.1
2021-07-31 12:52:32pm: Command And Valve Status :2,1,2,1,1,2,2,2,2,2,0,2,2,1,2,2,1,2,1,1,1
2021-07-31 12:52:36pm: Sensor data :200000,700,650,300,31,120,32,1.6,8,1.8,2.2,1,1.7,160,1.2
2021-07-31 12:52:38pm: Command And Valve Status :2,1,2,1,1,2,2,2,2,2,0,2,2,1,2,2,1,2,1,1,1
2021-07-31 12:52:41pm: Sensor data :50000,900,800,500,38,160,26,1.2,7,1.5,1,0.9,1.6,150,1.1
2021-07-31 12:52:43pm: Command And Valve Status :2,1,2,1,1,2,2,2,2,2,0,2,2,1,2,2,1,2,1,1,1
2021-07-31 12:52:46pm: Sensor data :50000,700,650,300,31,120,32,1.6,8,1.8,2.2,1,1.7,160,1.2
2021-07-31 12:52:48pm: Command And Valve Status :2,1,2,1,1,2,2,2,2,2,0,2,2,1,2,2,1,2,1,1,1
2021-07-31 12:52:51pm: Sensor data :200000,700,650,300,31,120,32,1.6,8,1.8,2.2,1,1.7,160,1.2
2021-07-31 12:52:54pm: Command And Valve Status :2,1,2,1,1,2,2,2,2,2,0,2,2,1,2,2,1,2,1,1,1
2021-07-31 12:52:57pm: Sensor data :50000,700,650,300,31,120,32,1.2,7,1.5,1,0.9,1.6,150,1.1
2021-07-31 12:52:59pm: Command And Valve Status :2,1,2,1,1,2,2,2,2,2,0,2,2,1,2,2,1,2,1,1,1
2021-07-31 12:53:02pm: Sensor data :32000,900,800,500,38,160,26,1.7,9,1.9,3,1.1,1.8,170,1.3
2021-07-31 12:53:04pm: Command And Valve Status :2,1,2,1,1,2,2,2,2,2,0,2,2,1,2,2,1,2,1,1,1
2021-07-31 12:53:07pm: Sensor data :50000,700,650,300,31,120,32,1.2,7,1.5,1,0.9,1.6,150,1.1
2021-07-31 12:53:10pm: Command And Valve Status :2,1,2,1,1,2,2,2,2,2,0,2,2,1,2,2,1,2,1,1,1
2021-07-31 12:53:12pm: Sensor data :32000,700,650,300,31,120,32,1.7,9,1.9,3,1.1,1.8,170,1.3
2021-07-31 12:53:15pm: Command And Valve Status :2,1,2,1,1,2,2,2,2,2,0,2,2,1,2,2,1,2,1,1,1
2021-07-31 12:53:17pm: Sensor data :32000,800,700,400,35,140,34,1.7,9,1.9,3,1.1,1.8,170,1.3
2021-07-31 12:53:20pm: Command And Valve Status :2,1,2,1,1,2,2,2,2,2,0,2,2,1,2,2,1,2,1,1,1
2021-07-31 12:53:22pm: Sensor data :50000,800,700,400,35,140,34,1.2,7,1.5,1,0.9,1.6,150,1.1
2021-07-31 12:53:25pm: Command And Valve Status :2,1,2,1,1,2,2,2,2,2,0,2,2,1,2,2,1,2,1,1,1
2021-07-31 12:53:28pm: Sensor data :32000,800,700,400,35,140,34,1.6,8,1.8,2.2,1,1.7,160,1.2
2021-07-31 12:53:31pm: Command And Valve Status :2,1,2,1,1,1,2,2,2,2,0,2,2,1,2,2,1,2,1,1,1
2021-07-31 12:53:33pm: Sensor data :50000,700,650,300,31,120,32,1.2,7,1.5,1,0.9,1.6,150,1.1
2021-07-31 12:53:36pm: Command And Valve Status :2,1,2,1,1,1,1,2,2,2,0,2,2,1,1,1,1,2,1,1,1
2021-07-31 12:53:38pm: Sensor data :50000,700,650,300,31,120,32,1.2,7,1.5,1,0.9,1.6,150,1.1
2021-07-31 12:53:42pm: Command And Valve Status :2,1,2,1,1,1,1,1,2,2,0,2,2,1,1,1,1,2,1,1,1
2021-07-31 12:53:43pm: Sensor data :32000,900,800,500,38,160,26,1.2,7,1.5,1,0.9,1.6,150,1.1
2021-07-31 12:53:47pm: Command And Valve Status :2,1,2,1,1,1,1,1,2,1,0,2,2,1,1,1,1,2,1,1,1
2021-07-31 12:53:48pm: Sensor data :50000,700,650,300,31,120,32,1.2,7,1.5,1,0.9,1.6,150,1.1
2021-07-31 12:53:52pm: Command And Valve Status :2,1,2,1,1,1,1,1,1,1,0,2,2,1,1,1,1,1,1,1,1
2021-07-31 12:53:53pm: Sensor data :50000,700,650,300,31,120,32,1.2,7,1.5,1,0.9,1.6,150,1.1
2021-07-31 12:53:58pm: Command And Valve Status :2,1,2,1,1,1,1,1,1,1,0,2,2,1,1,1,1,1,1,1,1
2021-07-31 12:53:58pm: Sensor data :50000,700,650,300,31,120,32,1.7,9,1.9,3,1.1,1.8,170,1.3
2021-07-31 12:54:03pm: Command And Valve Status :2,1,2,1,1,1,1,1,1,1,0,2,2,1,1,1,1,1,1,1,1
2021-07-31 12:54:04pm: Sensor data :200000,700,650,300,31,120,32,1.2,7,1.5,1,0.9,1.6,150,1.1
2021-07-31 12:54:08pm: Command And Valve Status :2,1,2,1,1,1,1,1,1,1,0,2,2,1,1,1,1,1,1,1,1
2021-07-31 12:54:09pm: Sensor data :32000,700,650,300,31,120,32,1.6,8,1.8,2.2,1,1.7,160,1.2
2021-07-31 12:54:14pm: Command And Valve Status :2,1,2,1,1,1,1,1,1,1,0,2,2,1,1,1,1,1,1,1,1
2021-07-31 12:54:14pm: Sensor data :32000,900,800,500,38,160,26,1.6,8,1.8,2.2,1,1.7,160,1.2
2021-07-31 12:54:19pm: Command And Valve Status :2,1,2,1,1,1,1,1,1,1,0,2,2,1,1,1,1,1,1,1,1
2021-07-31 12:54:19pm: Sensor data :200000,900,800,500,38,160,26,1.2,7,1.5,1,0.9,1.6,150,1.1
2021-07-31 12:54:24pm: Sensor data :50000,900,800,500,38,160,26,1.7,9,1.9,3,1.1,1.8,170,1.3
2021-07-31 12:54:24pm: Command And Valve Status :2,1,2,1,1,1,1,1,1,1,0,2,2,1,1,1,1,1,1,1,1
2021-07-31 12:54:29pm: Sensor data :200000,800,700,400,35,140,34,1.2,7,1.5,1,0.9,1.6,150,1.1
2021-07-31 12:54:29pm: Command And Valve Status :2,1,2,1,1,1,1,1,1,1,0,2,2,1,1,1,1,1,1,1,1
2021-07-31 12:54:34pm: Sensor data :50000,700,650,300,31,120,32,1.7,9,1.9,3,1.1,1.8,170,1.3
2021-07-31 12:54:35pm: Command And Valve Status :2,1,2,1,1,1,1,1,1,1,0,2,2,1,1,1,1,1,1,1,1
2021-07-31 12:54:40pm: Sensor data :32000,800,700,400,35,140,34,1.6,8,1.8,2.2,1,1.7,160,1.2
2021-07-31 12:54:40pm: Command And Valve Status :2,1,2,1,1,1,1,1,1,1,0,2,2,1,1,1,1,1,1,1,1
2021-07-31 12:54:45pm: Sensor data :32000,900,800,500,38,160,26,1.2,7,1.5,1,0.9,1.6,150,1.1
2021-07-31 12:54:45pm: Command And Valve Status :2,1,2,1,1,1,1,1,1,1,0,2,2,1,1,1,1,1,1,1,1
2021-07-31 12:54:50pm: Sensor data :50000,900,800,500,38,160,26,1.2,7,1.5,1,0.9,1.6,150,1.1
2021-07-31 12:54:51pm: Command And Valve Status :2,1,2,1,1,1,1,1,1,1,0,2,2,1,1,1,1,1,1,1,1
2021-07-31 12:54:55pm: Sensor data :200000,900,800,500,38,160,26,1.6,8,1.8,2.2,1,1.7,160,1.2
2021-07-31 12:54:56pm: Command And Valve Status :2,1,2,1,1,1,1,1,1,1,0,2,2,1,1,1,1,1,1,1,1
2021-07-31 12:55:00pm: Sensor data :200000,700,650,300,31,120,32,1.2,7,1.5,1,0.9,1.6,150,1.1
2021-07-31 12:55:01pm: Command And Valve Status :2,1,2,1,1,1,1,1,1,1,0,2,2,1,1,1,1,1,1,1,1
2021-07-31 12:55:05pm: Sensor data :32000,700,650,300,31,120,32,1.2,7,1.5,1,0.9,1.6,150,1.1
2021-07-31 12:55:07pm: Command And Valve Status :2,1,2,1,1,1,1,1,1,1,0,2,2,1,1,1,1,1,1,1,1
2021-07-31 12:55:10pm: Sensor data :32000,800,700,400,35,140,34,1.2,7,1.5,1,0.9,1.6,150,1.1
2021-07-31 12:55:12pm: Command And Valve Status :2,1,2,1,1,1,1,1,1,1,0,2,2,1,1,1,1,1,1,1,1
2021-07-31 12:55:16pm: Sensor data :32000,800,700,400,35,140,34,1.2,7,1.5,1,0.9,1.6,150,1.1
2021-07-31 12:55:17pm: Command And Valve Status :2,1,2,1,1,1,1,1,1,1,0,2,2,1,1,1,1,1,1,1,1
2021-07-31 12:55:21pm: Sensor data :50000,900,800,500,38,160,26,1.2,7,1.5,1,0.9,1.6,150,1.1
2021-07-31 12:55:22pm: Command And Valve Status :2,1,2,1,1,1,1,1,1,1,0,2,2,1,1,1,1,1,1,1,1
2021-07-31 12:55:25pm: Reset : Started
2021-07-31 12:55:26pm: Sensor data :50000,800,700,400,35,140,34,1.2,7,1.5,1,0.9,1.6,150,1.1
2021-07-31 12:55:28pm: Command And Valve Status :2,1,2,1,1,1,1,1,1,1,0,2,2,1,1,1,1,1,1,1,1
2021-07-31 12:55:31pm: Sensor data :50000,900,800,500,38,160,26,1.2,7,1.5,1,0.9,1.6,150,1.1
2021-07-31 01:00:17pm: Initialize (Code to PLC) : Started
2021-07-31 01:00:17pm: Initialize (PLC to Code) : Started
2021-07-31 01:00:18pm: Command And Valve Status :1,2,2,2,2,2,2,2,2,2,0,2,2,2,2,2,2,2,2,2,2
2021-07-31 01:00:21pm: Start (PLC TO DB) : Started
2021-07-31 01:00:21pm: Sensor data :50000,700,650,300,31,120,32,1.2,7,1.5,1,0.9,1.6,150,1.1
2021-07-31 01:00:23pm: Command And Valve Status :2,1,2,2,2,2,2,2,2,2,0,2,2,2,2,2,2,2,2,2,2
2021-07-31 01:00:26pm: Sensor data :50000,800,700,400,35,140,34,1.2,7,1.5,1,0.9,1.6,150,1.1
2021-07-31 01:00:28pm: Command And Valve Status :2,1,2,2,2,2,2,2,2,2,0,2,2,2,2,2,2,2,2,2,1
2021-07-31 01:00:31pm: Sensor data :32000,700,650,300,31,120,32,1.7,9,1.9,3,1.1,1.8,170,1.3
2021-07-31 01:00:34pm: Command And Valve Status :2,1,2,2,2,2,2,2,2,2,0,2,2,2,2,2,2,2,2,1,1
2021-07-31 01:00:36pm: Sensor data :32000,700,650,300,31,120,32,1.2,7,1.5,1,0.9,1.6,150,1.1
2021-07-31 01:00:39pm: Command And Valve Status :2,1,2,2,2,2,2,2,2,2,0,2,2,2,2,2,1,2,2,1,1
2021-07-31 01:00:42pm: Sensor data :32000,900,800,500,38,160,26,1.7,9,1.9,3,1.1,1.8,170,1.3
2021-07-31 01:00:45pm: Command And Valve Status :2,1,2,1,1,2,2,2,2,2,0,2,2,1,2,2,1,2,1,1,1
2021-07-31 01:00:47pm: Sensor data :50000,800,700,400,35,140,34,1.2,7,1.5,1,0.9,1.6,150,1.1
2021-07-31 01:00:50pm: Command And Valve Status :2,1,2,1,1,2,2,2,2,2,0,2,2,1,2,2,1,2,1,1,1
2021-07-31 01:00:52pm: Sensor data :200000,900,800,500,38,160,26,1.2,7,1.5,1,0.9,1.6,150,1.1
2021-07-31 01:00:55pm: Command And Valve Status :2,1,2,1,1,2,2,2,2,2,0,2,2,1,2,2,1,2,1,1,1
2021-07-31 01:00:57pm: Sensor data :32000,800,700,400,35,140,34,1.6,8,1.8,2.2,1,1.7,160,1.2
2021-07-31 01:01:01pm: Command And Valve Status :2,1,2,1,1,2,2,2,2,2,0,2,2,1,2,2,1,2,1,1,1
2021-07-31 01:01:02pm: Sensor data :200000,700,650,300,31,120,32,1.7,9,1.9,3,1.1,1.8,170,1.3
2021-07-31 01:01:06pm: Command And Valve Status :2,1,2,1,1,2,2,2,2,2,0,2,2,1,2,2,1,2,1,1,1
2021-07-31 01:01:07pm: Sensor data :200000,700,650,300,31,120,32,1.2,7,1.5,1,0.9,1.6,150,1.1
2021-07-31 01:01:11pm: Command And Valve Status :2,1,2,1,1,2,2,2,2,2,0,2,2,1,2,2,1,2,1,1,1
2021-07-31 01:01:12pm: Sensor data :200000,900,800,500,38,160,26,1.2,7,1.5,1,0.9,1.6,150,1.1
2021-07-31 01:01:16pm: Command And Valve Status :2,1,2,1,1,2,2,2,2,2,0,2,2,1,2,2,1,2,1,1,1
2021-07-31 01:01:17pm: Sensor data :200000,700,650,300,31,120,32,1.2,7,1.5,1,0.9,1.6,150,1.1
2021-07-31 01:01:22pm: Command And Valve Status :2,1,2,1,1,2,2,2,2,2,0,2,2,1,2,2,1,2,1,1,1
2021-07-31 01:01:23pm: Sensor data :50000,900,800,500,38,160,26,1.2,7,1.5,1,0.9,1.6,150,1.1
2021-07-31 01:01:27pm: Command And Valve Status :2,1,2,1,1,2,2,2,2,2,0,2,2,1,2,2,1,2,1,1,1
2021-07-31 01:01:28pm: Sensor data :200000,800,700,400,35,140,34,1.2,7,1.5,1,0.9,1.6,150,1.1
2021-07-31 01:01:32pm: Command And Valve Status :2,1,2,1,1,2,2,2,2,2,0,2,2,1,2,2,1,2,1,1,1
2021-07-31 01:01:33pm: Sensor data :50000,900,800,500,38,160,26,1.7,9,1.9,3,1.1,1.8,170,1.3
2021-07-31 01:01:38pm: Command And Valve Status :2,1,2,1,1,2,2,2,2,2,0,2,2,1,2,2,1,2,1,1,1
2021-07-31 01:01:38pm: Sensor data :50000,800,700,400,35,140,34,1.7,9,1.9,3,1.1,1.8,170,1.3
2021-07-31 01:01:43pm: Command And Valve Status :2,1,2,1,1,1,2,2,2,2,0,2,2,1,2,2,1,2,1,1,1
2021-07-31 01:01:43pm: Sensor data :32000,900,800,500,38,160,26,1.6,8,1.8,2.2,1,1.7,160,1.2
2021-07-31 01:01:48pm: Sensor data :50000,900,800,500,38,160,26,1.6,8,1.8,2.2,1,1.7,160,1.2
2021-07-31 01:01:48pm: Command And Valve Status :2,1,2,1,1,1,1,2,2,2,0,2,2,1,1,1,1,2,1,1,1
2021-07-31 01:01:53pm: Sensor data :32000,800,700,400,35,140,34,1.6,8,1.8,2.2,1,1.7,160,1.2
2021-07-31 01:01:54pm: Command And Valve Status :2,1,2,1,1,1,1,1,2,2,0,2,2,1,1,1,1,2,1,1,1
2021-07-31 01:01:58pm: Sensor data :32000,800,700,400,35,140,34,1.6,8,1.8,2.2,1,1.7,160,1.2
2021-07-31 01:01:59pm: Command And Valve Status :2,1,2,1,1,1,1,1,2,1,0,2,2,1,1,1,1,2,1,1,1
2021-07-31 01:02:04pm: Sensor data :32000,900,650,300,31,120,32,1.6,9,1.9,3,1.1,1.8,170,1.3
2021-07-31 01:02:05pm: Command And Valve Status :2,1,2,1,1,1,1,1,1,1,0,2,2,1,1,1,1,1,1,1,1
2021-07-31 01:02:09pm: Sensor data :200000,900,800,500,38,160,26,1.2,7,1.5,1,0.9,1.6,150,1.1
2021-07-31 01:02:10pm: Command And Valve Status :2,1,2,1,1,1,1,1,1,1,0,2,2,1,1,1,1,1,1,1,1
2021-07-31 01:02:14pm: Sensor data :32000,700,650,300,31,120,32,1.2,7,1.5,1,0.9,1.6,150,1.1
2021-07-31 01:02:15pm: Command And Valve Status :2,1,2,1,1,1,1,1,1,1,0,2,2,1,1,1,1,1,1,1,1
2021-07-31 01:02:16pm: Reset : Started
2021-07-31 01:02:19pm: Sensor data :50000,900,800,500,38,160,26,1.7,9,1.9,3,1.1,1.8,170,1.3
2021-07-31 01:02:21pm: Command And Valve Status :2,1,2,1,1,1,1,1,1,1,0,2,2,1,1,1,1,1,1,1,1
2021-07-31 01:02:24pm: Sensor data :50000,700,650,300,31,120,32,1.7,9,1.9,3,1.1,1.8,170,1.3
2021-07-31 01:02:26pm: Command And Valve Status :2,1,2,1,1,1,1,1,1,1,0,2,2,1,1,1,1,1,1,1,1
2021-07-31 01:02:29pm: Sensor data :200000,700,650,300,31,120,32,1.7,9,1.9,3,1.1,1.8,170,1.3
2021-07-31 01:02:31pm: Command And Valve Status :2,1,2,1,1,1,1,1,1,1,0,2,2,1,1,1,1,1,1,1,1
2021-07-31 01:02:34pm: Sensor data :32000,800,700,400,35,140,34,1.2,7,1.5,1,0.9,1.6,150,1.1
2021-07-31 01:02:37pm: Command And Valve Status :2,1,2,1,1,1,1,1,1,1,0,2,2,1,1,1,1,1,1,1,1
2021-07-31 01:02:40pm: Sensor data :32000,900,800,500,38,160,26,1.7,9,1.9,3,1.1,1.8,170,1.3
